<?xml version="1.0" encoding="UTF-8"?>
<!-- Generated by org.testng.reporters.JUnitXMLReporter -->
<testsuite ignored="0" hostname="Suraj_Mishra" failures="1" tests="1" name="Default test" time="60.666" errors="0" timestamp="2024-05-04T11:27:21 IST">
  <testcase classname="io.cucumber.testng.AbstractTestNGCucumberTests" name="runScenario" time="56.031">
    <failure type="org.openqa.selenium.InvalidSelectorException" message="Could not parse selector expression `new UiSelector().&amp;quot;new UiScrollable(new UiSelector().scrollable(true)).scrollIntoView(new UiSelector().text(&amp;quot;&amp;quot;Add to Cart  &amp;quot;&amp;quot;))&amp;quot;`: UiSelector has no `&amp;quot;new UiScrollable` method
For documentation on this error, please visit: https://www.selenium.dev/documentation/webdriver/troubleshooting/errors#invalid-selector-exception
Build info: version: &amp;apos;4.20.0&amp;apos;, revision: &amp;apos;866c76ca80&amp;apos;
System info: os.name: &amp;apos;Windows 11&amp;apos;, os.arch: &amp;apos;amd64&amp;apos;, os.version: &amp;apos;10.0&amp;apos;, java.version: &amp;apos;17.0.10&amp;apos;
Driver info: io.appium.java_client.android.AndroidDriver
Command: [9a99432e-ff83-43f0-9f57-5a719a456e03, findElement {using=-android uiautomator, value=&amp;quot;new UiScrollable(new UiSelector().scrollable(true)).scrollIntoView(new UiSelector().text(&amp;quot;&amp;quot;Add to Cart  &amp;quot;&amp;quot;))&amp;quot;}]
Capabilities {appium:app: C:\Users\mishr\eclipse-work..., appium:appPackage: com.amazon.mShop.android.sh..., appium:automationName: UIAutomator2, appium:databaseEnabled: false, appium:desired: {app: C:\Users\mishr\eclipse-work..., automationName: UIAutomator2, deviceName: Pixel 8 Pro, platformName: ANDROID}, appium:deviceApiLevel: 31, appium:deviceManufacturer: Google, appium:deviceModel: sdk_gphone64_x86_64, appium:deviceName: emulator-5554, appium:deviceScreenDensity: 560, appium:deviceScreenSize: 1440x3120, appium:deviceUDID: emulator-5554, appium:javascriptEnabled: true, appium:locationContextEnabled: false, appium:networkConnectionEnabled: true, appium:pixelRatio: 3.5, appium:platformVersion: 12, appium:statBarHeight: 84, appium:takesScreenshot: true, appium:viewportRect: {height: 3036, left: 0, top: 84, width: 1440}, appium:warnings: {}, appium:webStorageEnabled: false, platformName: ANDROID}
Session ID: 9a99432e-ff83-43f0-9f57-5a719a456e03">
      <![CDATA[org.openqa.selenium.InvalidSelectorException: Could not parse selector expression `new UiSelector()."new UiScrollable(new UiSelector().scrollable(true)).scrollIntoView(new UiSelector().text(""Add to Cart  ""))"`: UiSelector has no `"new UiScrollable` method
For documentation on this error, please visit: https://www.selenium.dev/documentation/webdriver/troubleshooting/errors#invalid-selector-exception
Build info: version: '4.20.0', revision: '866c76ca80'
System info: os.name: 'Windows 11', os.arch: 'amd64', os.version: '10.0', java.version: '17.0.10'
Driver info: io.appium.java_client.android.AndroidDriver
Command: [9a99432e-ff83-43f0-9f57-5a719a456e03, findElement {using=-android uiautomator, value="new UiScrollable(new UiSelector().scrollable(true)).scrollIntoView(new UiSelector().text(""Add to Cart  ""))"}]
Capabilities {appium:app: C:\Users\mishr\eclipse-work..., appium:appPackage: com.amazon.mShop.android.sh..., appium:automationName: UIAutomator2, appium:databaseEnabled: false, appium:desired: {app: C:\Users\mishr\eclipse-work..., automationName: UIAutomator2, deviceName: Pixel 8 Pro, platformName: ANDROID}, appium:deviceApiLevel: 31, appium:deviceManufacturer: Google, appium:deviceModel: sdk_gphone64_x86_64, appium:deviceName: emulator-5554, appium:deviceScreenDensity: 560, appium:deviceScreenSize: 1440x3120, appium:deviceUDID: emulator-5554, appium:javascriptEnabled: true, appium:locationContextEnabled: false, appium:networkConnectionEnabled: true, appium:pixelRatio: 3.5, appium:platformVersion: 12, appium:statBarHeight: 84, appium:takesScreenshot: true, appium:viewportRect: {height: 3036, left: 0, top: 84, width: 1440}, appium:warnings: {}, appium:webStorageEnabled: false, platformName: ANDROID}
Session ID: 9a99432e-ff83-43f0-9f57-5a719a456e03
at java.base/jdk.internal.reflect.NativeConstructorAccessorImpl.newInstance0(Native Method)
at java.base/jdk.internal.reflect.NativeConstructorAccessorImpl.newInstance(NativeConstructorAccessorImpl.java:77)
at java.base/jdk.internal.reflect.DelegatingConstructorAccessorImpl.newInstance(DelegatingConstructorAccessorImpl.java:45)
at java.base/java.lang.reflect.Constructor.newInstanceWithCaller(Constructor.java:499)
at java.base/java.lang.reflect.Constructor.newInstance(Constructor.java:480)
at org.openqa.selenium.remote.ErrorCodec.decode(ErrorCodec.java:167)
at org.openqa.selenium.remote.codec.w3c.W3CHttpResponseCodec.decode(W3CHttpResponseCodec.java:138)
at org.openqa.selenium.remote.codec.w3c.W3CHttpResponseCodec.decode(W3CHttpResponseCodec.java:50)
at org.openqa.selenium.remote.HttpCommandExecutor.execute(HttpCommandExecutor.java:190)
at io.appium.java_client.remote.AppiumCommandExecutor.execute(AppiumCommandExecutor.java:237)
at org.openqa.selenium.remote.RemoteWebDriver.execute(RemoteWebDriver.java:518)
at org.openqa.selenium.remote.ElementLocation$ElementFinder$2.findElement(ElementLocation.java:165)
at org.openqa.selenium.remote.ElementLocation.findElement(ElementLocation.java:66)
at org.openqa.selenium.remote.RemoteWebDriver.findElement(RemoteWebDriver.java:355)
at org.openqa.selenium.remote.RemoteWebDriver.findElement(RemoteWebDriver.java:349)
at pageobjects.AmazonHomePage.searchMobileAndAddToCart(AmazonHomePage.java:62)
at stepdefinitions.AmazonSearchStep.i_search_mobile_and_add_to_cart(AmazonSearchStep.java:20)
at ✽.I search mobile and add to cart(file:///C:/Users/mishr/eclipse-workspace/MobileFramework/src/test/resources/features/AmazonSearch.feature:26)
]]>
    </failure>
  </testcase> <!-- runScenario -->
</testsuite> <!-- Default test -->
