<?xml version="1.0" encoding="UTF-8"?>
<testsuite xmlns:xsi="http://www.w3.org/2001/XMLSchema-instance" xsi:noNamespaceSchemaLocation="https://maven.apache.org/surefire/maven-surefire-plugin/xsd/surefire-test-report-3.0.xsd" version="3.0" name="TestSuite" time="117.182" tests="2" errors="0" skipped="0" failures="1">
  <properties>
[...]
</properties>
  <testcase name="runScenario[&quot;Search and Delete scenario&quot;, &quot;Title of your feature&quot;](1)" classname="runner.TestAmazonSearchRunner" time="92.383">
    <system-out><![CDATA[Tried to attach logging to file 'C:\Users\mishr\IntellijWorkspace\MobileFramework\logs\serverlogs\appium.log' but an error occurred: EBUSY: resource busy or locked, unlink 'C:\Users\mishr\IntellijWorkspace\MobileFramework\logs\serverlogs\appium.log'
&amp#27;[35m[Appium]&amp#27;[39m Attempting to load plugin element-wait...
&amp#27;[35m[Appium]&amp#27;[39m Requiring plugin at C:\Users\mishr\.appium\node_modules\appium-wait-plugin\lib\index.js
&amp#27;[35m[Appium]&amp#27;[39m WaitCommandPlugin has been successfully loaded in 0.604s
&amp#27;[35m[Appium]&amp#27;[39m Welcome to Appium v2.5.4
&amp#27;[35m[Appium]&amp#27;[39m Non-default server args:
&amp#27;[35m[Appium]&amp#27;[39m { address: &amp#27;[32m'127.0.0.1'&amp#27;[39m,
&amp#27;[35m[Appium]&amp#27;[39m   allowInsecure: [ &amp#27;[32m'chromedriver_autodownload'&amp#27;[39m ],
&amp#27;[35m[Appium]&amp#27;[39m   usePlugins: [ &amp#27;[32m'element-wait'&amp#27;[39m ] }
&amp#27;[35m[Appium]&amp#27;[39m The autodetected Appium home path: C:\Users\mishr\.appium
&amp#27;[35m[Appium]&amp#27;[39m Attempting to load driver uiautomator2...
&amp#27;[35m[Appium]&amp#27;[39m Attempting to load driver chromium...
&amp#27;[35m[Appium]&amp#27;[39m Attempting to load driver xcuitest...
&amp#27;[35m[Appium]&amp#27;[39m Requiring driver at C:\Users\mishr\.appium\node_modules\appium-uiautomator2-driver\build\index.js
&amp#27;[35m[Appium]&amp#27;[39m AndroidUiautomator2Driver has been successfully loaded in 0.800s
&amp#27;[35m[Appium]&amp#27;[39m Attempting to load driver safari...
&amp#27;[35m[Appium]&amp#27;[39m Requiring driver at C:\Users\mishr\.appium\node_modules\appium-chromium-driver\index.js
&amp#27;[35m[Appium]&amp#27;[39m ChromiumDriver has been successfully loaded in 1.387s
&amp#27;[35m[Appium]&amp#27;[39m Requiring driver at C:\Users\mishr\.appium\node_modules\appium-xcuitest-driver\build\index.js
&amp#27;[35m[Appium]&amp#27;[39m XCUITestDriver has been successfully loaded in 2.292s
&amp#27;[35m[Appium]&amp#27;[39m Attempting to load driver gecko...
&amp#27;[35m[Appium]&amp#27;[39m Requiring driver at C:\Users\mishr\.appium\node_modules\appium-safari-driver\build\index.js
&amp#27;[35m[Appium]&amp#27;[39m SafariDriver has been successfully loaded in 1.663s
&amp#27;[35m[Appium]&amp#27;[39m Requiring driver at C:\Users\mishr\.appium\node_modules\appium-geckodriver\build\index.js
&amp#27;[35m[Appium]&amp#27;[39m GeckoDriver has been successfully loaded in 0.264s
&amp#27;[35m[Appium]&amp#27;[39m Appium REST http interface listener started on http://127.0.0.1:4723
&amp#27;[35m[Appium]&amp#27;[39m Available drivers:
&amp#27;[35m[Appium]&amp#27;[39m   - uiautomator2@3.1.0 (automationName 'UiAutomator2')
&amp#27;[35m[Appium]&amp#27;[39m   - chromium@1.3.24 (automationName 'Chromium')
&amp#27;[35m[Appium]&amp#27;[39m   - xcuitest@7.15.1 (automationName 'XCUITest')
&amp#27;[35m[Appium]&amp#27;[39m   - safari@3.5.12 (automationName 'Safari')
&amp#27;[35m[Appium]&amp#27;[39m   - gecko@1.3.3 (automationName 'Gecko')
&amp#27;[35m[Appium]&amp#27;[39m Available plugins:
&amp#27;[35m[Appium]&amp#27;[39m   - element-wait@3.0.2 (ACTIVE)
&amp#27;[35m[Appium]&amp#27;[39m   - appium-dashboard@v2.0.3
&amp#27;[35m[Appium]&amp#27;[39m   - gestures@4.0.1
&amp#27;[35m[Appium]&amp#27;[39m   - appium-reporter-plugin@1.1.0-beta.06
&amp#27;[35m[Appium]&amp#27;[39m   - images@3.0.6
&amp#27;[35m[Appium]&amp#27;[39m   - ocr@0.2.0
&amp#27;[38;5;0m[HTTP]&amp#27;[0m &amp#27;[37m-->&amp#27;[39m &amp#27;[37mGET&amp#27;[39m &amp#27;[37m/status&amp#27;[39m
&amp#27;[38;5;0m[HTTP]&amp#27;[0m &amp#27;[90m{}&amp#27;[39m
&amp#27;[38;5;16m[AppiumDriver@6e1e]&amp#27;[0m Calling AppiumDriver.getStatus() with args: []
&amp#27;[38;5;16m[AppiumDriver@6e1e]&amp#27;[0m Plugins which can handle cmd 'getStatus': element-wait
&amp#27;[38;5;16m[AppiumDriver@6e1e]&amp#27;[0m Plugin element-wait is now handling cmd 'getStatus'
&amp#27;[38;5;16m[AppiumDriver@6e1e]&amp#27;[0m Executing default handling behavior for command 'getStatus'
&amp#27;[38;5;16m[AppiumDriver@6e1e]&amp#27;[0m Responding to client with driver.getStatus() result: {"ready":true,"message":"The server is ready to accept new connections","build":{"version":"2.5.4"}}
&amp#27;[38;5;0m[HTTP]&amp#27;[0m &amp#27;[37m<-- GET /status &amp#27;[39m&amp#27;[32m200&amp#27;[39m &amp#27;[90m4 ms - 110&amp#27;[39m
&amp#27;[38;5;0m[HTTP]&amp#27;[0m &amp#27;[90m&amp#27;[39m
Appium Service Started...
&amp#27;[38;5;0m[HTTP]&amp#27;[0m Request idempotency key: 4a41938e-9efb-44c8-bf64-d4cdb8c8580f
&amp#27;[38;5;0m[HTTP]&amp#27;[0m &amp#27;[37m-->&amp#27;[39m &amp#27;[37mPOST&amp#27;[39m &amp#27;[37m/session&amp#27;[39m
&amp#27;[38;5;0m[HTTP]&amp#27;[0m &amp#27;[90m{"capabilities":{"firstMatch":[{}],"alwaysMatch":{"appium:appActivity":"com.amazon.mShop.splashscreen.StartupActivity","appium:deviceName":"Pixel 7 Pro","appium:newCommandTimeout":10,"appium:noReset":true,"appium:appPackage":"in.amazon.mShop.android.shopping","appium:automationName":"UIAutomator2","platformName":"ANDROID"}}}&amp#27;[39m
&amp#27;[38;5;16m[AppiumDriver@6e1e]&amp#27;[0m Calling AppiumDriver.createSession() with args: [null,null,{"firstMatch":[{}],"alwaysMatch":{"appium:appActivity":"com.amazon.mShop.splashscreen.StartupActivity","appium:deviceName":"Pixel 7 Pro","appium:newCommandTimeout":10,"appium:noReset":true,"appium:appPackage":"in.amazon.mShop.android.shopping","appium:automationName":"UIAutomator2","platformName":"ANDROID"}}]
&amp#27;[38;5;16m[AppiumDriver@6e1e]&amp#27;[0m Plugins which can handle cmd 'createSession': element-wait
&amp#27;[38;5;16m[AppiumDriver@6e1e]&amp#27;[0m Plugin element-wait is now handling cmd 'createSession'
&amp#27;[38;5;16m[AppiumDriver@6e1e]&amp#27;[0m Executing default handling behavior for command 'createSession'
&amp#27;[38;5;16m[AppiumDriver@6e1e]&amp#27;[0m Event 'newSessionRequested' logged at 1715327681297 (13:24:41 GMT+0530 (India Standard Time))
&amp#27;[35m[Appium]&amp#27;[39m Attempting to find matching driver for automationName 'UIAutomator2' and platformName 'ANDROID'
&amp#27;[35m[Appium]&amp#27;[39m The 'uiautomator2' driver was installed and matched caps.
&amp#27;[35m[Appium]&amp#27;[39m Will require it at C:\Users\mishr\.appium\node_modules\appium-uiautomator2-driver
&amp#27;[35m[Appium]&amp#27;[39m Requiring driver at C:\Users\mishr\.appium\node_modules\appium-uiautomator2-driver\build\index.js
&amp#27;[38;5;16m[AppiumDriver@6e1e]&amp#27;[0m Appium v2.5.4 creating new AndroidUiautomator2Driver (v3.1.0) session
&amp#27;[38;5;16m[AppiumDriver@6e1e]&amp#27;[0m Checking BaseDriver versions for Appium and AndroidUiautomator2Driver
&amp#27;[38;5;16m[AppiumDriver@6e1e]&amp#27;[0m Appium's BaseDriver version is 9.6.0
&amp#27;[38;5;16m[AppiumDriver@6e1e]&amp#27;[0m AndroidUiautomator2Driver's BaseDriver version is 9.6.0
&amp#27;[38;5;16m[AppiumDriver@6e1e]&amp#27;[0m Explicitly enabling use of insecure features:
&amp#27;[38;5;16m[AppiumDriver@6e1e]&amp#27;[0m     chromedriver_autodownload
&amp#27;[38;5;32m[AndroidUiautomator2Driver@2590]&amp#27;[0m Creating session with W3C capabilities: {
&amp#27;[38;5;32m[AndroidUiautomator2Driver@2590]&amp#27;[0m   "alwaysMatch": {
&amp#27;[38;5;32m[AndroidUiautomator2Driver@2590]&amp#27;[0m     "platformName": "ANDROID",
&amp#27;[38;5;32m[AndroidUiautomator2Driver@2590]&amp#27;[0m     "appium:appActivity": "com.amazon.mShop.splashscreen.StartupActivity",
&amp#27;[38;5;32m[AndroidUiautomator2Driver@2590]&amp#27;[0m     "appium:deviceName": "Pixel 7 Pro",
&amp#27;[38;5;32m[AndroidUiautomator2Driver@2590]&amp#27;[0m     "appium:newCommandTimeout": 10,
&amp#27;[38;5;32m[AndroidUiautomator2Driver@2590]&amp#27;[0m     "appium:noReset": true,
&amp#27;[38;5;32m[AndroidUiautomator2Driver@2590]&amp#27;[0m     "appium:appPackage": "in.amazon.mShop.android.shopping",
&amp#27;[38;5;32m[AndroidUiautomator2Driver@2590]&amp#27;[0m     "appium:automationName": "UIAutomator2"
&amp#27;[38;5;32m[AndroidUiautomator2Driver@2590]&amp#27;[0m   },
&amp#27;[38;5;32m[AndroidUiautomator2Driver@2590]&amp#27;[0m   "firstMatch": [
&amp#27;[38;5;32m[AndroidUiautomator2Driver@2590]&amp#27;[0m     {}
&amp#27;[38;5;32m[AndroidUiautomator2Driver@2590]&amp#27;[0m   ]
&amp#27;[38;5;32m[AndroidUiautomator2Driver@2590]&amp#27;[0m }
&amp#27;[38;5;32m[AndroidUiautomator2Driver@2590 (0bfb100f)]&amp#27;[0m Session created with session id: 0bfb100f-4fc1-412b-879c-5326a68cf979
&amp#27;[38;5;48m[ADB]&amp#27;[0m Found 1 'build-tools' folders under 'C:\Users\mishr\AppData\Local\Android\Sdk' (newest first):
&amp#27;[38;5;48m[ADB]&amp#27;[0m     C:\Users\mishr\AppData\Local\Android\Sdk\build-tools\34.0.0
&amp#27;[38;5;48m[ADB]&amp#27;[0m Using 'adb.exe' from 'C:\Users\mishr\AppData\Local\Android\Sdk\platform-tools\adb.exe'
&amp#27;[38;5;48m[ADB]&amp#27;[0m Running 'C:\Users\mishr\AppData\Local\Android\Sdk\platform-tools\adb.exe -P 5037 start-server'
&amp#27;[38;5;32m[AndroidUiautomator2Driver@2590 (0bfb100f)]&amp#27;[0m Retrieving device list
&amp#27;[38;5;48m[ADB]&amp#27;[0m Trying to find connected Android devices
&amp#27;[38;5;48m[ADB]&amp#27;[0m Getting connected devices
&amp#27;[38;5;48m[ADB]&amp#27;[0m Connected devices: [{"udid":"emulator-5554","state":"device"}]
&amp#27;[38;5;32m[AndroidUiautomator2Driver@2590 (0bfb100f)]&amp#27;[0m Using device: emulator-5554
&amp#27;[38;5;48m[ADB]&amp#27;[0m Using 'adb.exe' from 'C:\Users\mishr\AppData\Local\Android\Sdk\platform-tools\adb.exe'
&amp#27;[38;5;48m[ADB]&amp#27;[0m Running 'C:\Users\mishr\AppData\Local\Android\Sdk\platform-tools\adb.exe -P 5037 start-server'
&amp#27;[38;5;48m[ADB]&amp#27;[0m Setting device id to emulator-5554
&amp#27;[38;5;32m[AndroidUiautomator2Driver@2590 (0bfb100f)]&amp#27;[0m Starting 'in.amazon.mShop.android.shopping' directly on the device
&amp#27;[38;5;48m[ADB]&amp#27;[0m Running 'C:\Users\mishr\AppData\Local\Android\Sdk\platform-tools\adb.exe -P 5037 -s emulator-5554 shell getprop ro.build.version.sdk'
&amp#27;[38;5;48m[ADB]&amp#27;[0m Current device property 'ro.build.version.sdk': 31
&amp#27;[38;5;48m[ADB]&amp#27;[0m Getting device platform version
&amp#27;[38;5;48m[ADB]&amp#27;[0m Running 'C:\Users\mishr\AppData\Local\Android\Sdk\platform-tools\adb.exe -P 5037 -s emulator-5554 shell getprop ro.build.version.release'
&amp#27;[38;5;48m[ADB]&amp#27;[0m Current device property 'ro.build.version.release': 12
&amp#27;[38;5;48m[ADB]&amp#27;[0m Device API level: 31
&amp#27;[38;5;32m[AndroidUiautomator2Driver@2590 (0bfb100f)]&amp#27;[0m Relaxing hidden api policy
&amp#27;[38;5;48m[ADB]&amp#27;[0m Running 'C:\Users\mishr\AppData\Local\Android\Sdk\platform-tools\adb.exe -P 5037 -s emulator-5554 shell 'settings put global hidden_api_policy_pre_p_apps 1;settings put global hidden_api_policy_p_apps 1;settings put global hidden_api_policy 1''
&amp#27;[38;5;32m[AndroidUiautomator2Driver@2590 (0bfb100f)]&amp#27;[0m No app sent in, not parsing package/activity
&amp#27;[38;5;48m[ADB]&amp#27;[0m Running 'C:\Users\mishr\AppData\Local\Android\Sdk\platform-tools\adb.exe -P 5037 -s emulator-5554 wait-for-device'
&amp#27;[38;5;48m[ADB]&amp#27;[0m Running 'C:\Users\mishr\AppData\Local\Android\Sdk\platform-tools\adb.exe -P 5037 -s emulator-5554 shell echo ping'
&amp#27;[38;5;32m[AndroidUiautomator2Driver@2590 (0bfb100f)]&amp#27;[0m Pushing settings apk to the device...
&amp#27;[38;5;48m[ADB]&amp#27;[0m Getting package info for 'io.appium.settings'
&amp#27;[38;5;48m[ADB]&amp#27;[0m Running 'C:\Users\mishr\AppData\Local\Android\Sdk\platform-tools\adb.exe -P 5037 -s emulator-5554 shell dumpsys package io.appium.settings'
&amp#27;[38;5;48m[ADB]&amp#27;[0m The version name of the installed 'io.appium.settings' is greater or equal to the application version name ('5.7.9' >= '5.7.9')
&amp#27;[38;5;48m[ADB]&amp#27;[0m There is no need to install/upgrade 'C:\Users\mishr\.appium\node_modules\appium-uiautomator2-driver\node_modules\io.appium.settings\apks\settings_apk-debug.apk'
&amp#27;[38;5;48m[ADB]&amp#27;[0m Running 'C:\Users\mishr\AppData\Local\Android\Sdk\platform-tools\adb.exe -P 5037 -s emulator-5554 shell dumpsys activity services io.appium.settings'
&amp#27;[38;5;32m[AndroidUiautomator2Driver@2590 (0bfb100f)]&amp#27;[0m io.appium.settings is already running. There is no need to reset its permissions.
&amp#27;[38;5;64m[Logcat]&amp#27;[0m Starting logs capture with command: C:\\Users\\mishr\\AppData\\Local\\Android\\Sdk\\platform-tools\\adb.exe -P 5037 -s emulator-5554 logcat -v threadtime
&amp#27;[38;5;32m[AndroidUiautomator2Driver@2590 (0bfb100f)]&amp#27;[0m Forwarding UiAutomator2 Server port 6790 to local port 8200
&amp#27;[38;5;48m[ADB]&amp#27;[0m Forwarding system: 8200 to device: 6790
&amp#27;[38;5;48m[ADB]&amp#27;[0m Running 'C:\Users\mishr\AppData\Local\Android\Sdk\platform-tools\adb.exe -P 5037 -s emulator-5554 forward tcp:8200 tcp:6790'
&amp#27;[38;5;48m[ADB]&amp#27;[0m Getting package info for 'io.appium.uiautomator2.server'
&amp#27;[38;5;48m[ADB]&amp#27;[0m Running 'C:\Users\mishr\AppData\Local\Android\Sdk\platform-tools\adb.exe -P 5037 -s emulator-5554 shell dumpsys package io.appium.uiautomator2.server'
&amp#27;[38;5;48m[ADB]&amp#27;[0m Getting install status for io.appium.uiautomator2.server.test
&amp#27;[38;5;32m[AndroidUiautomator2Driver@2590 (0bfb100f)]&amp#27;[0m No app capability. Assuming it is already on the device
&amp#27;[38;5;48m[ADB]&amp#27;[0m Running 'C:\Users\mishr\AppData\Local\Android\Sdk\platform-tools\adb.exe -P 5037 -s emulator-5554 shell cmd package list packages'
&amp#27;[38;5;48m[ADB]&amp#27;[0m 'io.appium.uiautomator2.server.test' is installed
&amp#27;[38;5;48m[ADB]&amp#27;[0m The version name of the installed 'io.appium.uiautomator2.server' is greater or equal to the application version name ('7.0.5' >= '7.0.5')
&amp#27;[38;5;32m[AndroidUiautomator2Driver@2590 (0bfb100f)]&amp#27;[0m Server packages status: [{"installState":"sameVersionInstalled","appPath":"C:\\Users\\mishr\\.appium\\node_modules\\appium-uiautomator2-driver\\node_modules\\appium-uiautomator2-server\\apks\\appium-uiautomator2-server-v7.0.5.apk","appId":"io.appium.uiautomator2.server"},{"installState":"sameVersionInstalled","appPath":"C:\\Users\\mishr\\.appium\\node_modules\\appium-uiautomator2-driver\\node_modules\\appium-uiautomator2-server\\apks\\appium-uiautomator2-server-debug-androidTest.apk","appId":"io.appium.uiautomator2.server.test"}]
&amp#27;[38;5;32m[AndroidUiautomator2Driver@2590 (0bfb100f)]&amp#27;[0m Server packages are not going to be (re)installed
&amp#27;[38;5;32m[AndroidUiautomator2Driver@2590 (0bfb100f)]&amp#27;[0m Waiting up to 30000ms for services to be available
&amp#27;[38;5;48m[ADB]&amp#27;[0m Running 'C:\Users\mishr\AppData\Local\Android\Sdk\platform-tools\adb.exe -P 5037 -s emulator-5554 shell pm list instrumentation'
&amp#27;[38;5;32m[AndroidUiautomator2Driver@2590 (0bfb100f)]&amp#27;[0m Instrumentation target 'io.appium.uiautomator2.server.test/androidx.test.runner.AndroidJUnitRunner' is available
&amp#27;[38;5;48m[ADB]&amp#27;[0m Adding packages ["io.appium.settings","io.appium.uiautomator2.server","io.appium.uiautomator2.server.test"] to Doze whitelist
&amp#27;[38;5;48m[ADB]&amp#27;[0m Got the following command chunks to execute: [["dumpsys","deviceidle","whitelist","+io.appium.settings",";","dumpsys","deviceidle","whitelist","+io.appium.uiautomator2.server",";","dumpsys","deviceidle","whitelist","+io.appium.uiautomator2.server.test",";"]]
&amp#27;[38;5;48m[ADB]&amp#27;[0m Running 'C:\Users\mishr\AppData\Local\Android\Sdk\platform-tools\adb.exe -P 5037 -s emulator-5554 shell dumpsys deviceidle whitelist +io.appium.settings ; dumpsys deviceidle whitelist +io.appium.uiautomator2.server ; dumpsys deviceidle whitelist +io.appium.uiautomator2.server.test ;'
&amp#27;[38;5;32m[AndroidUiautomator2Driver@2590 (0bfb100f)]&amp#27;[0m Performing shallow cleanup of automation leftovers
&amp#27;[38;5;32m[AndroidUiautomator2Driver@2590 (0bfb100f)]&amp#27;[0m No obsolete sessions have been detected (socket hang up)
&amp#27;[38;5;48m[ADB]&amp#27;[0m Running 'C:\Users\mishr\AppData\Local\Android\Sdk\platform-tools\adb.exe -P 5037 -s emulator-5554 shell am force-stop io.appium.uiautomator2.server.test'
&amp#27;[38;5;32m[AndroidUiautomator2Driver@2590 (0bfb100f)]&amp#27;[0m Starting UIAutomator2 server 7.0.5
&amp#27;[38;5;32m[AndroidUiautomator2Driver@2590 (0bfb100f)]&amp#27;[0m Using UIAutomator2 server from 'C:\Users\mishr\.appium\node_modules\appium-uiautomator2-driver\node_modules\appium-uiautomator2-server\apks\appium-uiautomator2-server-v7.0.5.apk' and test from 'C:\Users\mishr\.appium\node_modules\appium-uiautomator2-driver\node_modules\appium-uiautomator2-server\apks\appium-uiautomator2-server-debug-androidTest.apk'
&amp#27;[38;5;32m[AndroidUiautomator2Driver@2590 (0bfb100f)]&amp#27;[0m Waiting up to 30000ms for UiAutomator2 to be online...
&amp#27;[38;5;48m[ADB]&amp#27;[0m Creating ADB subprocess with args: ["-P","5037","-s","emulator-5554","shell","am","instrument","-w","-e","disableAnalytics","true","io.appium.uiautomator2.server.test/androidx.test.runner.AndroidJUnitRunner"]
&amp#27;[38;5;32m[AndroidUiautomator2Driver@2590 (0bfb100f)]&amp#27;[0m Matched '/status' to command name 'getStatus'
&amp#27;[38;5;32m[AndroidUiautomator2Driver@2590 (0bfb100f)]&amp#27;[0m Proxying [GET /status] to [GET http://127.0.0.1:8200/status] with no body
&amp#27;[38;5;32m[AndroidUiautomator2Driver@2590 (0bfb100f)]&amp#27;[0m socket hang up
&amp#27;[38;5;80m[Instrumentation]&amp#27;[0m io.appium.uiautomator2.server.test.AppiumUiAutomator2Server:
&amp#27;[38;5;32m[AndroidUiautomator2Driver@2590 (0bfb100f)]&amp#27;[0m Matched '/status' to command name 'getStatus'
&amp#27;[38;5;32m[AndroidUiautomator2Driver@2590 (0bfb100f)]&amp#27;[0m Proxying [GET /status] to [GET http://127.0.0.1:8200/status] with no body
&amp#27;[38;5;32m[AndroidUiautomator2Driver@2590 (0bfb100f)]&amp#27;[0m socket hang up
&amp#27;[38;5;32m[AndroidUiautomator2Driver@2590 (0bfb100f)]&amp#27;[0m Matched '/status' to command name 'getStatus'
&amp#27;[38;5;32m[AndroidUiautomator2Driver@2590 (0bfb100f)]&amp#27;[0m Proxying [GET /status] to [GET http://127.0.0.1:8200/status] with no body
&amp#27;[38;5;32m[AndroidUiautomator2Driver@2590 (0bfb100f)]&amp#27;[0m socket hang up
&amp#27;[38;5;32m[AndroidUiautomator2Driver@2590 (0bfb100f)]&amp#27;[0m Matched '/status' to command name 'getStatus'
&amp#27;[38;5;32m[AndroidUiautomator2Driver@2590 (0bfb100f)]&amp#27;[0m Proxying [GET /status] to [GET http://127.0.0.1:8200/status] with no body
&amp#27;[38;5;32m[AndroidUiautomator2Driver@2590 (0bfb100f)]&amp#27;[0m Got response with status 200: {"sessionId":"None","value":{"message":"UiAutomator2 Server is ready to accept commands","ready":true}}
&amp#27;[38;5;32m[AndroidUiautomator2Driver@2590 (0bfb100f)]&amp#27;[0m The initialization of the instrumentation process took 3394ms
&amp#27;[38;5;32m[AndroidUiautomator2Driver@2590 (0bfb100f)]&amp#27;[0m Matched '/session' to command name 'createSession'
&amp#27;[38;5;32m[AndroidUiautomator2Driver@2590 (0bfb100f)]&amp#27;[0m Proxying [POST /session] to [POST http://127.0.0.1:8200/session] with body: {"capabilities":{"firstMatch":[{"platformName":"ANDROID","appActivity":"com.amazon.mShop.splashscreen.StartupActivity","deviceName":"emulator-5554","newCommandTimeout":10,"noReset":true,"appPackage":"in.amazon.mShop.android.shopping","automationName":"UIAutomator2","platform":"LINUX","webStorageEnabled":false,"takesScreenshot":true,"javascriptEnabled":true,"databaseEnabled":false,"networkConnectionEnabled":true,"locationContextEnabled":false,"warnings":{},"desired":{"platformName":"ANDROID","appActivity":"com.amazon.mShop.splashscreen.StartupActivity","deviceName":"Pixel 7 Pro","newCommandTimeout":10,"noReset":true,"appPackage":"in.amazon.mShop.android.shopping","automationName":"UIAutomator2"},"deviceUDID":"emulator-5554"}],"alwaysMatch":{}}}
&amp#27;[38;5;32m[AndroidUiautomator2Driver@2590 (0bfb100f)]&amp#27;[0m Got response with status 200: {"sessionId":"63d42711-7a19-4a0d-b27a-fdad1b58f14f","value":{"capabilities":{"firstMatch":[{"platformName":"ANDROID","appActivity":"com.amazon.mShop.splashscreen.StartupActivity","deviceName":"emulator-5554","newCommandTimeout":10,"noReset":true,"appPackage":"in.amazon.mShop.android.shopping","automationName":"UIAutomator2","platform":"LINUX","webStorageEnabled":false,"takesScreenshot":true,"javascriptEnabled":true,"databaseEnabled":false,"networkConnectionEnabled":true,"locationContextEnabled":false,"warnings":{},"desired":{"platformName":"ANDROID","appActivity":"com.amazon.mShop.splashscreen.StartupActivity","deviceName":"Pixel 7 Pro","newCommandTimeout":10,"noReset":true,"appPackage":"in.amazon.mShop.android.shopping","automationName":"UIAutomator2"},"deviceUDID":"emulator-5554"}],"alwaysMatch":{}},"sessionId":"63d42711-7a19-4a0d-b27a-fdad1b58f14f"}}
&amp#27;[38;5;32m[AndroidUiautomator2Driver@2590 (0bfb100f)]&amp#27;[0m Determined the downstream protocol as 'W3C'
&amp#27;[38;5;32m[AndroidUiautomator2Driver@2590 (0bfb100f)]&amp#27;[0m Proxying [GET /appium/device/pixel_ratio] to [GET http://127.0.0.1:8200/session/63d42711-7a19-4a0d-b27a-fdad1b58f14f/appium/device/pixel_ratio] with no body
&amp#27;[38;5;32m[AndroidUiautomator2Driver@2590 (0bfb100f)]&amp#27;[0m Matched '/appium/device/system_bars' to command name 'getSystemBars'
&amp#27;[38;5;32m[AndroidUiautomator2Driver@2590 (0bfb100f)]&amp#27;[0m Proxying [GET /appium/device/system_bars] to [GET http://127.0.0.1:8200/session/63d42711-7a19-4a0d-b27a-fdad1b58f14f/appium/device/system_bars] with no body
&amp#27;[38;5;32m[AndroidUiautomator2Driver@2590 (0bfb100f)]&amp#27;[0m Matched '/window/current/size' to command name 'getWindowSize'
&amp#27;[38;5;32m[AndroidUiautomator2Driver@2590 (0bfb100f)]&amp#27;[0m Proxying [GET /window/current/size] to [GET http://127.0.0.1:8200/session/63d42711-7a19-4a0d-b27a-fdad1b58f14f/window/current/size] with no body
&amp#27;[38;5;32m[AndroidUiautomator2Driver@2590 (0bfb100f)]&amp#27;[0m Proxying [GET /appium/device/info] to [GET http://127.0.0.1:8200/session/63d42711-7a19-4a0d-b27a-fdad1b58f14f/appium/device/info] with no body
&amp#27;[38;5;48m[ADB]&amp#27;[0m Running 'C:\Users\mishr\AppData\Local\Android\Sdk\platform-tools\adb.exe -P 5037 -s emulator-5554 shell dumpsys window'
&amp#27;[38;5;32m[AndroidUiautomator2Driver@2590 (0bfb100f)]&amp#27;[0m Got response with status 200: {"sessionId":"63d42711-7a19-4a0d-b27a-fdad1b58f14f","value":3.5}
&amp#27;[38;5;32m[AndroidUiautomator2Driver@2590 (0bfb100f)]&amp#27;[0m Got response with status 200: {"sessionId":"63d42711-7a19-4a0d-b27a-fdad1b58f14f","value":{"height":3120,"width":1440}}
&amp#27;[38;5;32m[AndroidUiautomator2Driver@2590 (0bfb100f)]&amp#27;[0m Got response with status 200: {"sessionId":"63d42711-7a19-4a0d-b27a-fdad1b58f14f","value":{"statusBar":84}}
&amp#27;[38;5;32m[AndroidUiautomator2Driver@2590 (0bfb100f)]&amp#27;[0m Screen already unlocked, doing nothing
&amp#27;[38;5;32m[AndroidUiautomator2Driver@2590 (0bfb100f)]&amp#27;[0m Starting 'in.amazon.mShop.android.shopping/com.amazon.mShop.splashscreen.StartupActivity and waiting for 'in.amazon.mShop.android.shopping/com.amazon.mShop.splashscreen.StartupActivity'
&amp#27;[38;5;48m[ADB]&amp#27;[0m Getting IDs of all 'in.amazon.mShop.android.shopping' processes
&amp#27;[38;5;48m[ADB]&amp#27;[0m Running 'C:\Users\mishr\AppData\Local\Android\Sdk\platform-tools\adb.exe -P 5037 -s emulator-5554 shell 'pgrep --help; echo $?''
&amp#27;[38;5;32m[AndroidUiautomator2Driver@2590 (0bfb100f)]&amp#27;[0m Got response with status 200: {"sessionId":"63d42711-7a19-4a0d-b27a-fdad1b58f14f","value":{"androidId":"d8572eae6203735c","apiVersion":"31","bluetooth":{"state":"ON"},"brand":"google","carrierName":"T-Mobile","displayDensity":560,"locale":"en_US","manufacturer":"Google","model":"sdk_gphone64_x86_64","networks":[{"capabilities":{"SSID":null,"linkDownBandwidthKbps":4300,"linkUpstreamBandwidthKbps":1800,"networkCapabilities":"NET_CAPABILITY_MMS,NET_CAPABILITY_SUPL,NET_CAPABILITY_DUN,NET_CAPABILITY_FOTA,NET_CAPABILITY_IMS,NET_CAPABILITY_CBS,NET_CAPABILITY_INTERNET,NET_CAPABILITY_NOT_RESTRICTED,NET_CAPABILITY_TRUSTED,NET_CAPABILITY_NOT_VPN,NET_CAPABILITY_VALIDATED,NET_CAPABILITY_NOT_ROAMING,NET_CAPABILITY_FOREGROUND,NET_CAPABILITY_NOT_CONGESTED,NET_CAPABILITY_NOT_SUSPENDED","signalStrength":-2147483648,"transportTypes":"TRANSPORT_CELLULAR"},"detailedState":"CONNECTED","extraInfo":"epc.tmobile.com","isAvailable":true,"isConnected":true,"isFailover":false,"isRoaming":false,"state":"CONNECTED","subtype":10,"subtypeName":"HSPA","type":0,"typeNa...
&amp#27;[38;5;48m[ADB]&amp#27;[0m Running 'C:\Users\mishr\AppData\Local\Android\Sdk\platform-tools\adb.exe -P 5037 -s emulator-5554 shell pgrep -f \(\[\[:blank:\]\]\|\^\)in\.amazon\.mShop\.android\.shopping\(\[\[:blank:\]\]\|\$\)'
&amp#27;[38;5;48m[ADB]&amp#27;[0m Running 'C:\Users\mishr\AppData\Local\Android\Sdk\platform-tools\adb.exe -P 5037 -s emulator-5554 shell am start -W -n in.amazon.mShop.android.shopping/com.amazon.mShop.splashscreen.StartupActivity -S -a android.intent.action.MAIN -c android.intent.category.LAUNCHER -f 0x10200000'
&amp#27;[38;5;16m[AppiumDriver@6e1e]&amp#27;[0m New AndroidUiautomator2Driver session created successfully, session 0bfb100f-4fc1-412b-879c-5326a68cf979 added to master session list
&amp#27;[38;5;16m[AppiumDriver@6e1e]&amp#27;[0m Event 'newSessionStarted' logged at 1715327691811 (13:24:51 GMT+0530 (India Standard Time))
&amp#27;[38;5;96m[wait-plugin]&amp#27;[0m Timeout properties set for session 0bfb100f-4fc1-412b-879c-5326a68cf979 is {"timeout":10000,"intervalBetweenAttempts":500,"excludeEnabledCheck":[]}
&amp#27;[38;5;96m[wait-plugin]&amp#27;[0m session 0bfb100f-4fc1-412b-879c-5326a68cf979 is created with {"timeout":10000,"intervalBetweenAttempts":500,"excludeEnabledCheck":[]}
&amp#27;[38;5;16m[AppiumDriver@6e1e]&amp#27;[0m Promoting 1 sessionless plugins to be attached to session ID 0bfb100f-4fc1-412b-879c-5326a68cf979
&amp#27;[38;5;32m[AndroidUiautomator2Driver@2590 (0bfb100f)]&amp#27;[0m Cached the protocol value 'W3C' for the new session 0bfb100f-4fc1-412b-879c-5326a68cf979
&amp#27;[38;5;32m[AndroidUiautomator2Driver@2590 (0bfb100f)]&amp#27;[0m Responding to client with driver.createSession() result: {"capabilities":{"platformName":"ANDROID","appActivity":"com.amazon.mShop.splashscreen.StartupActivity","deviceName":"emulator-5554","newCommandTimeout":10,"noReset":true,"appPackage":"in.amazon.mShop.android.shopping","automationName":"UIAutomator2","platform":"LINUX","webStorageEnabled":false,"takesScreenshot":true,"javascriptEnabled":true,"databaseEnabled":false,"networkConnectionEnabled":true,"locationContextEnabled":false,"warnings":{},"desired":{"platformName":"ANDROID","appActivity":"com.amazon.mShop.splashscreen.StartupActivity","deviceName":"Pixel 7 Pro","newCommandTimeout":10,"noReset":true,"appPackage":"in.amazon.mShop.android.shopping","automationName":"UIAutomator2"},"deviceUDID":"emulator-5554","pixelRatio":"3.5","statBarHeight":84,"viewportRect":{"left":0,"top":84,"width":1440,"height":3036},"deviceApiLevel":31,"platformVersion":"12","deviceManufacturer":"Google","deviceModel":"sdk_gphone64_x86_64","deviceScreenSize":"1440x3120","deviceScreenDensity":560}}
&amp#27;[38;5;0m[HTTP]&amp#27;[0m &amp#27;[37m<-- POST /session &amp#27;[39m&amp#27;[32m200&amp#27;[39m &amp#27;[90m10518 ms - 1046&amp#27;[39m
&amp#27;[38;5;0m[HTTP]&amp#27;[0m &amp#27;[90m&amp#27;[39m
Creating Directory : C:\Users\mishr\IntellijWorkspace\MobileFramework/screenshots/10_MAY_2024
Directory created : false

@tag
Scenario: Search and Delete scenario   # src/test/resources/features/AmazonSearch.feature:23
&amp#27;[38;5;0m[HTTP]&amp#27;[0m &amp#27;[37m-->&amp#27;[39m &amp#27;[37mPOST&amp#27;[39m &amp#27;[37m/session/0bfb100f-4fc1-412b-879c-5326a68cf979/timeouts&amp#27;[39m
&amp#27;[38;5;0m[HTTP]&amp#27;[0m &amp#27;[90m{"implicit":10000}&amp#27;[39m
&amp#27;[38;5;32m[AndroidUiautomator2Driver@2590 (0bfb100f)]&amp#27;[0m Calling AppiumDriver.timeouts() with args: [null,null,null,null,10000,"0bfb100f-4fc1-412b-879c-5326a68cf979"]
&amp#27;[38;5;16m[AppiumDriver@6e1e]&amp#27;[0m Clearing new command timeout pre-emptively since plugin(s) will handle this command
&amp#27;[38;5;16m[AppiumDriver@6e1e]&amp#27;[0m Plugins which can handle cmd 'timeouts': element-wait
&amp#27;[38;5;16m[AppiumDriver@6e1e]&amp#27;[0m Plugin element-wait is now handling cmd 'timeouts'
&amp#27;[38;5;16m[AppiumDriver@6e1e]&amp#27;[0m Executing default handling behavior for command 'timeouts'
&amp#27;[38;5;32m[AndroidUiautomator2Driver@2590 (0bfb100f)]&amp#27;[0m W3C timeout argument: {"implicit":10000}}
&amp#27;[38;5;32m[AndroidUiautomator2Driver@2590 (0bfb100f)]&amp#27;[0m Set implicit wait to 10000ms
&amp#27;[38;5;32m[AndroidUiautomator2Driver@2590 (0bfb100f)]&amp#27;[0m Responding to client with driver.timeouts() result: null
&amp#27;[38;5;0m[HTTP]&amp#27;[0m &amp#27;[37m<-- POST /session/0bfb100f-4fc1-412b-879c-5326a68cf979/timeouts &amp#27;[39m&amp#27;[32m200&amp#27;[39m &amp#27;[90m7 ms - 14&amp#27;[39m
&amp#27;[38;5;0m[HTTP]&amp#27;[0m &amp#27;[90m&amp#27;[39m
  Given I am on amazon app             # stepdefinitions.AmazonSearchStep.i_am_on_amazon_app()
&amp#27;[38;5;0m[HTTP]&amp#27;[0m &amp#27;[37m-->&amp#27;[39m &amp#27;[37mPOST&amp#27;[39m &amp#27;[37m/session/0bfb100f-4fc1-412b-879c-5326a68cf979/element&amp#27;[39m
&amp#27;[38;5;0m[HTTP]&amp#27;[0m &amp#27;[90m{"using":"id","value":"in.amazon.mShop.android.shopping:id/skip_sign_in_button"}&amp#27;[39m
&amp#27;[38;5;32m[AndroidUiautomator2Driver@2590 (0bfb100f)]&amp#27;[0m Calling AppiumDriver.findElement() with args: ["id","in.amazon.mShop.android.shopping:id/skip_sign_in_button","0bfb100f-4fc1-412b-879c-5326a68cf979"]
&amp#27;[38;5;16m[AppiumDriver@6e1e]&amp#27;[0m Clearing new command timeout pre-emptively since plugin(s) will handle this command
&amp#27;[38;5;16m[AppiumDriver@6e1e]&amp#27;[0m Plugins which can handle cmd 'findElement': element-wait
&amp#27;[38;5;16m[AppiumDriver@6e1e]&amp#27;[0m Plugin element-wait is now handling cmd 'findElement'
- Waiting to find element with id strategy for in.amazon.mShop.android.shopping:id/skip_sign_in_button selector
[AxiosError: Request failed with status code 404] {
  code: 'ERR_BAD_REQUEST',
  config: {
    transitional: {
      silentJSONParsing: true,
      forcedJSONParsing: true,
      clarifyTimeoutError: false
    },
    adapter: [Function: httpAdapter],
    transformRequest: [ [Function: transformRequest] ],
    transformResponse: [ [Function: transformResponse] ],
    timeout: 0,
    xsrfCookieName: 'XSRF-TOKEN',
    xsrfHeaderName: 'X-XSRF-TOKEN',
    maxContentLength: -1,
    maxBodyLength: -1,
    env: { FormData: [Function] },
    validateStatus: [Function: validateStatus],
    headers: {
      Accept: 'application/json, text/plain, */*',
      'Content-Type': 'application/json',
      'User-Agent': 'axios/0.27.2',
      'Content-Length': 116
    },
    method: 'post',
    url: 'http://127.0.0.1:8200/session/63d42711-7a19-4a0d-b27a-fdad1b58f14f/element',
    data: '{"strategy":"id","selector":"in.amazon.mShop.android.shopping:id/skip_sign_in_button","context":"","multiple":false}'
  },
  request: <ref *1> ClientRequest {
    _events: [Object: null prototype] {
      abort: [Function (anonymous)],
      aborted: [Function (anonymous)],
      connect: [Function (anonymous)],
      error: [Function (anonymous)],
      socket: [Function (anonymous)],
      timeout: [Function (anonymous)],
      finish: [Function: requestOnFinish]
    },
    _eventsCount: 7,
    _maxListeners: undefined,
    outputData: [],
    outputSize: 0,
    writable: true,
    destroyed: true,
    _last: false,
    chunkedEncoding: false,
    shouldKeepAlive: true,
    maxRequestsOnConnectionReached: false,
    _defaultKeepAlive: true,
    useChunkedEncodingByDefault: true,
    sendDate: false,
    _removedConnection: false,
    _removedContLen: false,
    _removedTE: false,
    strictContentLength: false,
    _contentLength: 116,
    _hasBody: true,
    _trailer: '',
    finished: true,
    _headerSent: true,
    _closed: true,
    socket: Socket {
      connecting: false,
      _hadError: false,
      _parent: null,
      _host: null,
      _closeAfterHandlingError: false,
      _events: [Object],
      _readableState: [ReadableState],
      _writableState: [WritableState],
      allowHalfOpen: false,
      _maxListeners: undefined,
      _eventsCount: 6,
      _sockname: null,
      _pendingData: null,
      _pendingEncoding: '',
      server: null,
      _server: null,
      timeout: 5000,
      parser: null,
      _httpMessage: null,
      [Symbol(async_id_symbol)]: -1,
      [Symbol(kHandle)]: [TCP],
      [Symbol(lastWriteQueueSize)]: 0,
      [Symbol(timeout)]: Timeout {
        _idleTimeout: 5000,
        _idlePrev: [TimersList],
        _idleNext: [TimersList],
        _idleStart: 20516,
        _onTimeout: [Function: bound ],
        _timerArgs: undefined,
        _repeat: null,
        _destroyed: false,
        [Symbol(refed)]: false,
        [Symbol(kHasPrimitive)]: false,
        [Symbol(asyncId)]: 9729,
        [Symbol(triggerId)]: 9727
      },
      [Symbol(kBuffer)]: null,
      [Symbol(kBufferCb)]: null,
      [Symbol(kBufferGen)]: null,
      [Symbol(shapeMode)]: true,
      [Symbol(kCapture)]: false,
      [Symbol(kSetNoDelay)]: true,
      [Symbol(kSetKeepAlive)]: true,
      [Symbol(kSetKeepAliveInitialDelay)]: 1,
      [Symbol(kBytesRead)]: 0,
      [Symbol(kBytesWritten)]: 0
    },
    _header: 'POST /session/63d42711-7a19-4a0d-b27a-fdad1b58f14f/element HTTP/1.1\r\n' +
      'Accept: application/json, text/plain, */*\r\n' +
      'Content-Type: application/json\r\n' +
      'User-Agent: axios/0.27.2\r\n' +
      'Content-Length: 116\r\n' +
      'Host: 127.0.0.1:8200\r\n' +
      'Connection: keep-alive\r\n' +
      '\r\n',
    _keepAliveTimeout: 0,
    _onPendingData: [Function: nop],
    agent: Agent {
      _events: [Object: null prototype],
      _eventsCount: 2,
      _maxListeners: undefined,
      defaultPort: 80,
      protocol: 'http:',
      options: [Object: null prototype],
      requests: [Object: null prototype] {},
      sockets: [Object: null prototype] {},
      freeSockets: [Object: null prototype],
      keepAliveMsecs: 1000,
      keepAlive: true,
      maxSockets: Infinity,
      maxFreeSockets: 256,
      scheduling: 'lifo',
      maxTotalSockets: Infinity,
      totalSocketCount: 1,
      [Symbol(shapeMode)]: false,
      [Symbol(kCapture)]: false
    },
    socketPath: undefined,
    method: 'POST',
    maxHeaderSize: undefined,
    insecureHTTPParser: undefined,
    joinDuplicateHeaders: undefined,
    path: '/session/63d42711-7a19-4a0d-b27a-fdad1b58f14f/element',
    _ended: true,
    res: IncomingMessage {
      _events: [Object],
      _readableState: [ReadableState],
      _maxListeners: undefined,
      socket: null,
      httpVersionMajor: 1,
      httpVersionMinor: 1,
      httpVersion: '1.1',
      complete: true,
      rawHeaders: [Array],
      rawTrailers: [],
      joinDuplicateHeaders: undefined,
      aborted: false,
      upgrade: false,
      url: '',
      method: null,
      statusCode: 404,
      statusMessage: 'Not Found',
      client: [Socket],
      _consuming: false,
      _dumped: false,
      req: [Circular *1],
      _eventsCount: 4,
      responseUrl: 'http://127.0.0.1:8200/session/63d42711-7a19-4a0d-b27a-fdad1b58f14f/element',
      redirects: [],
      [Symbol(shapeMode)]: true,
      [Symbol(kCapture)]: false,
      [Symbol(kHeaders)]: [Object],
      [Symbol(kHeadersCount)]: 12,
      [Symbol(kTrailers)]: null,
      [Symbol(kTrailersCount)]: 0
    },
    aborted: false,
    timeoutCb: null,
    upgradeOrConnect: false,
    parser: null,
    maxHeadersCount: null,
    reusedSocket: false,
    host: '127.0.0.1',
    protocol: 'http:',
    _redirectable: Writable {
      _events: [Object],
      _writableState: [WritableState],
      _maxListeners: undefined,
      _options: [Object],
      _ended: true,
      _ending: true,
      _redirectCount: 0,
      _redirects: [],
      _requestBodyLength: 116,
      _requestBodyBuffers: [],
      _eventsCount: 3,
      _onNativeResponse: [Function (anonymous)],
      _currentRequest: [Circular *1],
      _currentUrl: 'http://127.0.0.1:8200/session/63d42711-7a19-4a0d-b27a-fdad1b58f14f/element',
      [Symbol(shapeMode)]: true,
      [Symbol(kCapture)]: false
    },
    [Symbol(shapeMode)]: false,
    [Symbol(kCapture)]: false,
    [Symbol(kBytesWritten)]: 0,
    [Symbol(kNeedDrain)]: false,
    [Symbol(corked)]: 0,
    [Symbol(kOutHeaders)]: [Object: null prototype] {
      accept: [Array],
      'content-type': [Array],
      'user-agent': [Array],
      'content-length': [Array],
      host: [Array]
    },
    [Symbol(errored)]: null,
    [Symbol(kHighWaterMark)]: 16384,
    [Symbol(kRejectNonStandardBodyWrites)]: false,
    [Symbol(kUniqueHeaders)]: null
  },
  response: {
    status: 404,
    statusText: 'Not Found',
    headers: {
      connection: 'keep-alive',
      pragma: 'no-cache',
      'cache-control': 'no-store',
      'content-encoding': 'identity',
      'content-type': 'application/json',
      'content-length': '3827'
    },
    config: {
      transitional: [Object],
      adapter: [Function: httpAdapter],
      transformRequest: [Array],
      transformResponse: [Array],
      timeout: 0,
      xsrfCookieName: 'XSRF-TOKEN',
      xsrfHeaderName: 'X-XSRF-TOKEN',
      maxContentLength: -1,
      maxBodyLength: -1,
      env: [Object],
      validateStatus: [Function: validateStatus],
      headers: [Object],
      method: 'post',
      url: 'http://127.0.0.1:8200/session/63d42711-7a19-4a0d-b27a-fdad1b58f14f/element',
      data: '{"strategy":"id","selector":"in.amazon.mShop.android.shopping:id/skip_sign_in_button","context":"","multiple":false}'
    },
    request: <ref *1> ClientRequest {
      _events: [Object: null prototype],
      _eventsCount: 7,
      _maxListeners: undefined,
      outputData: [],
      outputSize: 0,
      writable: true,
      destroyed: true,
      _last: false,
      chunkedEncoding: false,
      shouldKeepAlive: true,
      maxRequestsOnConnectionReached: false,
      _defaultKeepAlive: true,
      useChunkedEncodingByDefault: true,
      sendDate: false,
      _removedConnection: false,
      _removedContLen: false,
      _removedTE: false,
      strictContentLength: false,
      _contentLength: 116,
      _hasBody: true,
      _trailer: '',
      finished: true,
      _headerSent: true,
      _closed: true,
      socket: [Socket],
      _header: 'POST /session/63d42711-7a19-4a0d-b27a-fdad1b58f14f/element HTTP/1.1\r\n' +
        'Accept: application/json, text/plain, */*\r\n' +
        'Content-Type: application/json\r\n' +
        'User-Agent: axios/0.27.2\r\n' +
        'Content-Length: 116\r\n' +
        'Host: 127.0.0.1:8200\r\n' +
        'Connection: keep-alive\r\n' +
        '\r\n',
      _keepAliveTimeout: 0,
      _onPendingData: [Function: nop],
      agent: [Agent],
      socketPath: undefined,
      method: 'POST',
      maxHeaderSize: undefined,
      insecureHTTPParser: undefined,
      joinDuplicateHeaders: undefined,
      path: '/session/63d42711-7a19-4a0d-b27a-fdad1b58f14f/element',
      _ended: true,
      res: [IncomingMessage],
      aborted: false,
      timeoutCb: null,
      upgradeOrConnect: false,
      parser: null,
      maxHeadersCount: null,
      reusedSocket: false,
      host: '127.0.0.1',
      protocol: 'http:',
      _redirectable: [Writable],
      [Symbol(shapeMode)]: false,
      [Symbol(kCapture)]: false,
      [Symbol(kBytesWritten)]: 0,
      [Symbol(kNeedDrain)]: false,
      [Symbol(corked)]: 0,
      [Symbol(kOutHeaders)]: [Object: null prototype],
      [Symbol(errored)]: null,
      [Symbol(kHighWaterMark)]: 16384,
      [Symbol(kRejectNonStandardBodyWrites)]: false,
      [Symbol(kUniqueHeaders)]: null
    },
    data: {
      sessionId: '63d42711-7a19-4a0d-b27a-fdad1b58f14f',
      value: [Object]
    }
  }
}
&amp#27;[38;5;16m[AppiumDriver@6e1e]&amp#27;[0m Executing default handling behavior for command 'findElement'
&amp#27;[38;5;32m[AndroidUiautomator2Driver@2590 (0bfb100f)]&amp#27;[0m Valid locator strategies for this request: xpath, id, class name, accessibility id, css selector, -android uiautomator
&amp#27;[38;5;32m[AndroidUiautomator2Driver@2590 (0bfb100f)]&amp#27;[0m Waiting up to 10000 ms for condition
&amp#27;[38;5;32m[AndroidUiautomator2Driver@2590 (0bfb100f)]&amp#27;[0m Matched '/element' to command name 'findElement'
&amp#27;[38;5;32m[AndroidUiautomator2Driver@2590 (0bfb100f)]&amp#27;[0m Proxying [POST /element] to [POST http://127.0.0.1:8200/session/63d42711-7a19-4a0d-b27a-fdad1b58f14f/element] with body: {"strategy":"id","selector":"in.amazon.mShop.android.shopping:id/skip_sign_in_button","context":"","multiple":false}
&amp#27;[38;5;32m[AndroidUiautomator2Driver@2590 (0bfb100f)]&amp#27;[0m Got response with status 404: {"sessionId":"63d42711-7a19-4a0d-b27a-fdad1b58f14f","value":{"error":"no such element","message":"An element could not be located on the page using the given search parameters","stacktrace":"io.appium.uiautomator2.common.exceptions.ElementNotFoundException: An element could not be located on the page using the given search parameters\n\tat io.appium.uiautomator2.handler.FindElement.safeHandle(FindElement.java:63)\n\tat io.appium.uiautomator2.handler.request.SafeRequestHandler.handle(SafeRequestHandler.java:59)\n\tat io.appium.uiautomator2.server.AppiumServlet.handleRequest(AppiumServlet.java:259)\n\tat io.appium.uiautomator2.server.AppiumServlet.handleHttpRequest(AppiumServlet.java:253)\n\tat io.appium.uiautomator2.http.ServerHandler.channelRead(ServerHandler.java:77)\n\tat io.netty.channel.AbstractChannelHandlerContext.invokeChannelRead(AbstractChannelHandlerContext.java:366)\n\tat io.netty.channel.AbstractChannelHandlerContext.invokeChannelRead(AbstractChannelHandlerContext.java:352)\n\tat io.netty.chann...
&amp#27;[38;5;112m[W3C]&amp#27;[0m Matched W3C error code 'no such element' to NoSuchElementError
&amp#27;[38;5;32m[AndroidUiautomator2Driver@2590 (0bfb100f)]&amp#27;[0m Waited for 1065 ms so far
&amp#27;[38;5;32m[AndroidUiautomator2Driver@2590 (0bfb100f)]&amp#27;[0m Matched '/element' to command name 'findElement'
&amp#27;[38;5;32m[AndroidUiautomator2Driver@2590 (0bfb100f)]&amp#27;[0m Proxying [POST /element] to [POST http://127.0.0.1:8200/session/63d42711-7a19-4a0d-b27a-fdad1b58f14f/element] with body: {"strategy":"id","selector":"in.amazon.mShop.android.shopping:id/skip_sign_in_button","context":"","multiple":false}
&amp#27;[38;5;32m[AndroidUiautomator2Driver@2590 (0bfb100f)]&amp#27;[0m Got response with status 404: {"sessionId":"63d42711-7a19-4a0d-b27a-fdad1b58f14f","value":{"error":"no such element","message":"An element could not be located on the page using the given search parameters","stacktrace":"io.appium.uiautomator2.common.exceptions.ElementNotFoundException: An element could not be located on the page using the given search parameters\n\tat io.appium.uiautomator2.handler.FindElement.safeHandle(FindElement.java:63)\n\tat io.appium.uiautomator2.handler.request.SafeRequestHandler.handle(SafeRequestHandler.java:59)\n\tat io.appium.uiautomator2.server.AppiumServlet.handleRequest(AppiumServlet.java:259)\n\tat io.appium.uiautomator2.server.AppiumServlet.handleHttpRequest(AppiumServlet.java:253)\n\tat io.appium.uiautomator2.http.ServerHandler.channelRead(ServerHandler.java:77)\n\tat io.netty.channel.AbstractChannelHandlerContext.invokeChannelRead(AbstractChannelHandlerContext.java:366)\n\tat io.netty.channel.AbstractChannelHandlerContext.invokeChannelRead(AbstractChannelHandlerContext.java:352)\n\tat io.netty.chann...
&amp#27;[38;5;112m[W3C]&amp#27;[0m Matched W3C error code 'no such element' to NoSuchElementError
&amp#27;[38;5;32m[AndroidUiautomator2Driver@2590 (0bfb100f)]&amp#27;[0m Waited for 8253 ms so far
&amp#27;[38;5;32m[AndroidUiautomator2Driver@2590 (0bfb100f)]&amp#27;[0m Matched '/element' to command name 'findElement'
&amp#27;[38;5;32m[AndroidUiautomator2Driver@2590 (0bfb100f)]&amp#27;[0m Proxying [POST /element] to [POST http://127.0.0.1:8200/session/63d42711-7a19-4a0d-b27a-fdad1b58f14f/element] with body: {"strategy":"id","selector":"in.amazon.mShop.android.shopping:id/skip_sign_in_button","context":"","multiple":false}
&amp#27;[38;5;32m[AndroidUiautomator2Driver@2590 (0bfb100f)]&amp#27;[0m Got response with status 404: {"sessionId":"63d42711-7a19-4a0d-b27a-fdad1b58f14f","value":{"error":"no such element","message":"An element could not be located on the page using the given search parameters","stacktrace":"io.appium.uiautomator2.common.exceptions.ElementNotFoundException: An element could not be located on the page using the given search parameters\n\tat io.appium.uiautomator2.handler.FindElement.safeHandle(FindElement.java:63)\n\tat io.appium.uiautomator2.handler.request.SafeRequestHandler.handle(SafeRequestHandler.java:59)\n\tat io.appium.uiautomator2.server.AppiumServlet.handleRequest(AppiumServlet.java:259)\n\tat io.appium.uiautomator2.server.AppiumServlet.handleHttpRequest(AppiumServlet.java:253)\n\tat io.appium.uiautomator2.http.ServerHandler.channelRead(ServerHandler.java:77)\n\tat io.netty.channel.AbstractChannelHandlerContext.invokeChannelRead(AbstractChannelHandlerContext.java:366)\n\tat io.netty.channel.AbstractChannelHandlerContext.invokeChannelRead(AbstractChannelHandlerContext.java:352)\n\tat io.netty.chann...
&amp#27;[38;5;112m[W3C]&amp#27;[0m Matched W3C error code 'no such element' to NoSuchElementError
&amp#27;[38;5;32m[AndroidUiautomator2Driver@2590 (0bfb100f)]&amp#27;[0m Waited for 9691 ms so far
&amp#27;[38;5;32m[AndroidUiautomator2Driver@2590 (0bfb100f)]&amp#27;[0m Matched '/element' to command name 'findElement'
&amp#27;[38;5;32m[AndroidUiautomator2Driver@2590 (0bfb100f)]&amp#27;[0m Proxying [POST /element] to [POST http://127.0.0.1:8200/session/63d42711-7a19-4a0d-b27a-fdad1b58f14f/element] with body: {"strategy":"id","selector":"in.amazon.mShop.android.shopping:id/skip_sign_in_button","context":"","multiple":false}
&amp#27;[38;5;32m[AndroidUiautomator2Driver@2590 (0bfb100f)]&amp#27;[0m Got response with status 404: {"sessionId":"63d42711-7a19-4a0d-b27a-fdad1b58f14f","value":{"error":"no such element","message":"An element could not be located on the page using the given search parameters","stacktrace":"io.appium.uiautomator2.common.exceptions.ElementNotFoundException: An element could not be located on the page using the given search parameters\n\tat io.appium.uiautomator2.handler.FindElement.safeHandle(FindElement.java:63)\n\tat io.appium.uiautomator2.handler.request.SafeRequestHandler.handle(SafeRequestHandler.java:59)\n\tat io.appium.uiautomator2.server.AppiumServlet.handleRequest(AppiumServlet.java:259)\n\tat io.appium.uiautomator2.server.AppiumServlet.handleHttpRequest(AppiumServlet.java:253)\n\tat io.appium.uiautomator2.http.ServerHandler.channelRead(ServerHandler.java:77)\n\tat io.netty.channel.AbstractChannelHandlerContext.invokeChannelRead(AbstractChannelHandlerContext.java:366)\n\tat io.netty.channel.AbstractChannelHandlerContext.invokeChannelRead(AbstractChannelHandlerContext.java:352)\n\tat io.netty.chann...
&amp#27;[38;5;112m[W3C]&amp#27;[0m Matched W3C error code 'no such element' to NoSuchElementError
&amp#27;[38;5;32m[AndroidUiautomator2Driver@2590 (0bfb100f)]&amp#27;[0m Encountered internal error running command: NoSuchElementError: An element could not be located on the page using the given search parameters.
&amp#27;[38;5;32m[AndroidUiautomator2Driver@2590 (0bfb100f)]&amp#27;[0m     at AndroidUiautomator2Driver.findElOrEls (C:\Users\mishr\.appium\node_modules\appium-uiautomator2-driver\node_modules\appium-android-driver\lib\commands\find.ts:86:11)
&amp#27;[38;5;32m[AndroidUiautomator2Driver@2590 (0bfb100f)]&amp#27;[0m     at processTicksAndRejections (node:internal/process/task_queues:95:5)
&amp#27;[38;5;32m[AndroidUiautomator2Driver@2590 (0bfb100f)]&amp#27;[0m     at AndroidUiautomator2Driver.findElOrElsWithProcessing (C:\Users\mishr\AppData\Roaming\npm\node_modules\appium\node_modules\@appium\base-driver\lib\basedriver\commands\find.ts:60:12)
&amp#27;[38;5;32m[AndroidUiautomator2Driver@2590 (0bfb100f)]&amp#27;[0m     at AndroidUiautomator2Driver.findElement (C:\Users\mishr\AppData\Roaming\npm\node_modules\appium\node_modules\@appium\base-driver\lib\basedriver\commands\find.ts:75:12)
&amp#27;[38;5;0m[HTTP]&amp#27;[0m &amp#27;[37m<-- POST /session/0bfb100f-4fc1-412b-879c-5326a68cf979/element &amp#27;[39m&amp#27;[33m404&amp#27;[39m &amp#27;[90m16361 ms - 890&amp#27;[39m
&amp#27;[38;5;0m[HTTP]&amp#27;[0m &amp#27;[90m&amp#27;[39m
Element is not displayed
&amp#27;[38;5;0m[HTTP]&amp#27;[0m &amp#27;[37m-->&amp#27;[39m &amp#27;[37mPOST&amp#27;[39m &amp#27;[37m/session/0bfb100f-4fc1-412b-879c-5326a68cf979/element&amp#27;[39m
&amp#27;[38;5;0m[HTTP]&amp#27;[0m &amp#27;[90m{"using":"id","value":"in.amazon.mShop.android.shopping:id/chrome_action_bar_search_icon"}&amp#27;[39m
&amp#27;[38;5;32m[AndroidUiautomator2Driver@2590 (0bfb100f)]&amp#27;[0m Calling AppiumDriver.findElement() with args: ["id","in.amazon.mShop.android.shopping:id/chrome_action_bar_search_icon","0bfb100f-4fc1-412b-879c-5326a68cf979"]
&amp#27;[38;5;16m[AppiumDriver@6e1e]&amp#27;[0m Clearing new command timeout pre-emptively since plugin(s) will handle this command
&amp#27;[38;5;16m[AppiumDriver@6e1e]&amp#27;[0m Plugins which can handle cmd 'findElement': element-wait
&amp#27;[38;5;16m[AppiumDriver@6e1e]&amp#27;[0m Plugin element-wait is now handling cmd 'findElement'
- Waiting to find element with id strategy for in.amazon.mShop.android.shopping:id/chrome_action_bar_search_icon selector
&amp#27;[38;5;96m[wait-plugin]&amp#27;[0m Element with id strategy for in.amazon.mShop.android.shopping:id/chrome_action_bar_search_icon selector found.
&amp#27;[38;5;96m[wait-plugin]&amp#27;[0m Check if element is displayed
&amp#27;[38;5;32m[AndroidUiautomator2Driver@2590 (0bfb100f)]&amp#27;[0m Matched '/element/00000000-0000-0036-ffff-ffff00000019/attribute/displayed' to command name 'getAttribute'
&amp#27;[38;5;32m[AndroidUiautomator2Driver@2590 (0bfb100f)]&amp#27;[0m Proxying [GET /element/00000000-0000-0036-ffff-ffff00000019/attribute/displayed] to [GET http://127.0.0.1:8200/session/63d42711-7a19-4a0d-b27a-fdad1b58f14f/element/00000000-0000-0036-ffff-ffff00000019/attribute/displayed] with no body
&amp#27;[38;5;32m[AndroidUiautomator2Driver@2590 (0bfb100f)]&amp#27;[0m Got response with status 200: {"sessionId":"63d42711-7a19-4a0d-b27a-fdad1b58f14f","value":"true"}
&amp#27;[38;5;96m[wait-plugin]&amp#27;[0m Element is displayed!
âˆš Waiting to find element with id strategy for in.amazon.mShop.android.shopping:id/chrome_action_bar_search_icon selector
&amp#27;[38;5;16m[AppiumDriver@6e1e]&amp#27;[0m Executing default handling behavior for command 'findElement'
&amp#27;[38;5;32m[AndroidUiautomator2Driver@2590 (0bfb100f)]&amp#27;[0m Valid locator strategies for this request: xpath, id, class name, accessibility id, css selector, -android uiautomator
&amp#27;[38;5;32m[AndroidUiautomator2Driver@2590 (0bfb100f)]&amp#27;[0m Waiting up to 10000 ms for condition
&amp#27;[38;5;32m[AndroidUiautomator2Driver@2590 (0bfb100f)]&amp#27;[0m Matched '/element' to command name 'findElement'
&amp#27;[38;5;32m[AndroidUiautomator2Driver@2590 (0bfb100f)]&amp#27;[0m Proxying [POST /element] to [POST http://127.0.0.1:8200/session/63d42711-7a19-4a0d-b27a-fdad1b58f14f/element] with body: {"strategy":"id","selector":"in.amazon.mShop.android.shopping:id/chrome_action_bar_search_icon","context":"","multiple":false}
&amp#27;[38;5;32m[AndroidUiautomator2Driver@2590 (0bfb100f)]&amp#27;[0m Got response with status 200: {"sessionId":"63d42711-7a19-4a0d-b27a-fdad1b58f14f","value":{"ELEMENT":"00000000-0000-0036-ffff-ffff00000019","element-6066-11e4-a52e-4f735466cecf":"00000000-0000-0036-ffff-ffff00000019"}}
&amp#27;[38;5;32m[AndroidUiautomator2Driver@2590 (0bfb100f)]&amp#27;[0m Responding to client with driver.findElement() result: {"element-6066-11e4-a52e-4f735466cecf":"00000000-0000-0036-ffff-ffff00000019","ELEMENT":"00000000-0000-0036-ffff-ffff00000019"}
&amp#27;[38;5;0m[HTTP]&amp#27;[0m &amp#27;[37m<-- POST /session/0bfb100f-4fc1-412b-879c-5326a68cf979/element &amp#27;[39m&amp#27;[32m200&amp#27;[39m &amp#27;[90m229 ms - 137&amp#27;[39m
&amp#27;[38;5;0m[HTTP]&amp#27;[0m &amp#27;[90m&amp#27;[39m
&amp#27;[38;5;0m[HTTP]&amp#27;[0m &amp#27;[37m-->&amp#27;[39m &amp#27;[37mGET&amp#27;[39m &amp#27;[37m/session/0bfb100f-4fc1-412b-879c-5326a68cf979/element/00000000-0000-0036-ffff-ffff00000019/displayed&amp#27;[39m
&amp#27;[38;5;0m[HTTP]&amp#27;[0m &amp#27;[90m{}&amp#27;[39m
&amp#27;[38;5;32m[AndroidUiautomator2Driver@2590 (0bfb100f)]&amp#27;[0m Calling AppiumDriver.elementDisplayed() with args: ["00000000-0000-0036-ffff-ffff00000019","0bfb100f-4fc1-412b-879c-5326a68cf979"]
&amp#27;[38;5;16m[AppiumDriver@6e1e]&amp#27;[0m Clearing new command timeout pre-emptively since plugin(s) will handle this command
&amp#27;[38;5;16m[AppiumDriver@6e1e]&amp#27;[0m Plugins which can handle cmd 'elementDisplayed': element-wait
&amp#27;[38;5;16m[AppiumDriver@6e1e]&amp#27;[0m Plugin element-wait is now handling cmd 'elementDisplayed'
&amp#27;[38;5;16m[AppiumDriver@6e1e]&amp#27;[0m Executing default handling behavior for command 'elementDisplayed'
&amp#27;[38;5;32m[AndroidUiautomator2Driver@2590 (0bfb100f)]&amp#27;[0m Matched '/element/00000000-0000-0036-ffff-ffff00000019/attribute/displayed' to command name 'getAttribute'
&amp#27;[38;5;32m[AndroidUiautomator2Driver@2590 (0bfb100f)]&amp#27;[0m Proxying [GET /element/00000000-0000-0036-ffff-ffff00000019/attribute/displayed] to [GET http://127.0.0.1:8200/session/63d42711-7a19-4a0d-b27a-fdad1b58f14f/element/00000000-0000-0036-ffff-ffff00000019/attribute/displayed] with no body
&amp#27;[38;5;32m[AndroidUiautomator2Driver@2590 (0bfb100f)]&amp#27;[0m Got response with status 200: {"sessionId":"63d42711-7a19-4a0d-b27a-fdad1b58f14f","value":"true"}
&amp#27;[38;5;32m[AndroidUiautomator2Driver@2590 (0bfb100f)]&amp#27;[0m Responding to client with driver.elementDisplayed() result: true
&amp#27;[38;5;0m[HTTP]&amp#27;[0m &amp#27;[37m<-- GET /session/0bfb100f-4fc1-412b-879c-5326a68cf979/element/00000000-0000-0036-ffff-ffff00000019/displayed &amp#27;[39m&amp#27;[32m200&amp#27;[39m &amp#27;[90m53 ms - 14&amp#27;[39m
&amp#27;[38;5;0m[HTTP]&amp#27;[0m &amp#27;[90m&amp#27;[39m
&amp#27;[38;5;0m[HTTP]&amp#27;[0m &amp#27;[37m-->&amp#27;[39m &amp#27;[37mPOST&amp#27;[39m &amp#27;[37m/session/0bfb100f-4fc1-412b-879c-5326a68cf979/element&amp#27;[39m
&amp#27;[38;5;0m[HTTP]&amp#27;[0m &amp#27;[90m{"using":"id","value":"in.amazon.mShop.android.shopping:id/chrome_search_hint_view"}&amp#27;[39m
&amp#27;[38;5;32m[AndroidUiautomator2Driver@2590 (0bfb100f)]&amp#27;[0m Calling AppiumDriver.findElement() with args: ["id","in.amazon.mShop.android.shopping:id/chrome_search_hint_view","0bfb100f-4fc1-412b-879c-5326a68cf979"]
&amp#27;[38;5;16m[AppiumDriver@6e1e]&amp#27;[0m Clearing new command timeout pre-emptively since plugin(s) will handle this command
&amp#27;[38;5;16m[AppiumDriver@6e1e]&amp#27;[0m Plugins which can handle cmd 'findElement': element-wait
&amp#27;[38;5;16m[AppiumDriver@6e1e]&amp#27;[0m Plugin element-wait is now handling cmd 'findElement'
- Waiting to find element with id strategy for in.amazon.mShop.android.shopping:id/chrome_search_hint_view selector
&amp#27;[38;5;96m[wait-plugin]&amp#27;[0m Element with id strategy for in.amazon.mShop.android.shopping:id/chrome_search_hint_view selector found.
&amp#27;[38;5;96m[wait-plugin]&amp#27;[0m Check if element is displayed
&amp#27;[38;5;32m[AndroidUiautomator2Driver@2590 (0bfb100f)]&amp#27;[0m Matched '/element/00000000-0000-0036-ffff-ffff0000001a/attribute/displayed' to command name 'getAttribute'
&amp#27;[38;5;32m[AndroidUiautomator2Driver@2590 (0bfb100f)]&amp#27;[0m Proxying [GET /element/00000000-0000-0036-ffff-ffff0000001a/attribute/displayed] to [GET http://127.0.0.1:8200/session/63d42711-7a19-4a0d-b27a-fdad1b58f14f/element/00000000-0000-0036-ffff-ffff0000001a/attribute/displayed] with no body
&amp#27;[38;5;32m[AndroidUiautomator2Driver@2590 (0bfb100f)]&amp#27;[0m Got response with status 200: {"sessionId":"63d42711-7a19-4a0d-b27a-fdad1b58f14f","value":"true"}
&amp#27;[38;5;96m[wait-plugin]&amp#27;[0m Element is displayed!
âˆš Waiting to find element with id strategy for in.amazon.mShop.android.shopping:id/chrome_search_hint_view selector
&amp#27;[38;5;16m[AppiumDriver@6e1e]&amp#27;[0m Executing default handling behavior for command 'findElement'
&amp#27;[38;5;32m[AndroidUiautomator2Driver@2590 (0bfb100f)]&amp#27;[0m Valid locator strategies for this request: xpath, id, class name, accessibility id, css selector, -android uiautomator
&amp#27;[38;5;32m[AndroidUiautomator2Driver@2590 (0bfb100f)]&amp#27;[0m Waiting up to 10000 ms for condition
&amp#27;[38;5;32m[AndroidUiautomator2Driver@2590 (0bfb100f)]&amp#27;[0m Matched '/element' to command name 'findElement'
&amp#27;[38;5;32m[AndroidUiautomator2Driver@2590 (0bfb100f)]&amp#27;[0m Proxying [POST /element] to [POST http://127.0.0.1:8200/session/63d42711-7a19-4a0d-b27a-fdad1b58f14f/element] with body: {"strategy":"id","selector":"in.amazon.mShop.android.shopping:id/chrome_search_hint_view","context":"","multiple":false}
&amp#27;[38;5;32m[AndroidUiautomator2Driver@2590 (0bfb100f)]&amp#27;[0m Got response with status 200: {"sessionId":"63d42711-7a19-4a0d-b27a-fdad1b58f14f","value":{"ELEMENT":"00000000-0000-0036-ffff-ffff0000001a","element-6066-11e4-a52e-4f735466cecf":"00000000-0000-0036-ffff-ffff0000001a"}}
&amp#27;[38;5;32m[AndroidUiautomator2Driver@2590 (0bfb100f)]&amp#27;[0m Responding to client with driver.findElement() result: {"element-6066-11e4-a52e-4f735466cecf":"00000000-0000-0036-ffff-ffff0000001a","ELEMENT":"00000000-0000-0036-ffff-ffff0000001a"}
&amp#27;[38;5;0m[HTTP]&amp#27;[0m &amp#27;[37m<-- POST /session/0bfb100f-4fc1-412b-879c-5326a68cf979/element &amp#27;[39m&amp#27;[32m200&amp#27;[39m &amp#27;[90m108 ms - 137&amp#27;[39m
&amp#27;[38;5;0m[HTTP]&amp#27;[0m &amp#27;[90m&amp#27;[39m
&amp#27;[38;5;0m[HTTP]&amp#27;[0m &amp#27;[37m-->&amp#27;[39m &amp#27;[37mPOST&amp#27;[39m &amp#27;[37m/session/0bfb100f-4fc1-412b-879c-5326a68cf979/element/00000000-0000-0036-ffff-ffff0000001a/click&amp#27;[39m
&amp#27;[38;5;0m[HTTP]&amp#27;[0m &amp#27;[90m{"id":"00000000-0000-0036-ffff-ffff0000001a"}&amp#27;[39m
&amp#27;[38;5;32m[AndroidUiautomator2Driver@2590 (0bfb100f)]&amp#27;[0m Calling AppiumDriver.click() with args: ["00000000-0000-0036-ffff-ffff0000001a","0bfb100f-4fc1-412b-879c-5326a68cf979"]
&amp#27;[38;5;16m[AppiumDriver@6e1e]&amp#27;[0m Clearing new command timeout pre-emptively since plugin(s) will handle this command
&amp#27;[38;5;16m[AppiumDriver@6e1e]&amp#27;[0m Plugins which can handle cmd 'click': element-wait
&amp#27;[38;5;16m[AppiumDriver@6e1e]&amp#27;[0m Plugin element-wait is now handling cmd 'click'
&amp#27;[38;5;96m[wait-plugin]&amp#27;[0m Wait for element to be clickable
&amp#27;[38;5;32m[AndroidUiautomator2Driver@2590 (0bfb100f)]&amp#27;[0m Matched '/element/00000000-0000-0036-ffff-ffff0000001a/attribute/enabled' to command name 'getAttribute'
&amp#27;[38;5;32m[AndroidUiautomator2Driver@2590 (0bfb100f)]&amp#27;[0m Proxying [GET /element/00000000-0000-0036-ffff-ffff0000001a/attribute/enabled] to [GET http://127.0.0.1:8200/session/63d42711-7a19-4a0d-b27a-fdad1b58f14f/element/00000000-0000-0036-ffff-ffff0000001a/attribute/enabled] with no body
&amp#27;[38;5;32m[AndroidUiautomator2Driver@2590 (0bfb100f)]&amp#27;[0m Got response with status 200: {"sessionId":"63d42711-7a19-4a0d-b27a-fdad1b58f14f","value":"true"}
&amp#27;[38;5;96m[wait-plugin]&amp#27;[0m Element is enabled
&amp#27;[38;5;16m[AppiumDriver@6e1e]&amp#27;[0m Executing default handling behavior for command 'click'
&amp#27;[38;5;32m[AndroidUiautomator2Driver@2590 (0bfb100f)]&amp#27;[0m Matched '/element/00000000-0000-0036-ffff-ffff0000001a/click' to command name 'click'
&amp#27;[38;5;32m[AndroidUiautomator2Driver@2590 (0bfb100f)]&amp#27;[0m Proxying [POST /element/00000000-0000-0036-ffff-ffff0000001a/click] to [POST http://127.0.0.1:8200/session/63d42711-7a19-4a0d-b27a-fdad1b58f14f/element/00000000-0000-0036-ffff-ffff0000001a/click] with body: {"element":"00000000-0000-0036-ffff-ffff0000001a"}
&amp#27;[38;5;32m[AndroidUiautomator2Driver@2590 (0bfb100f)]&amp#27;[0m Got response with status 200: {"sessionId":"63d42711-7a19-4a0d-b27a-fdad1b58f14f","value":null}
&amp#27;[38;5;32m[AndroidUiautomator2Driver@2590 (0bfb100f)]&amp#27;[0m Responding to client with driver.click() result: null
&amp#27;[38;5;0m[HTTP]&amp#27;[0m &amp#27;[37m<-- POST /session/0bfb100f-4fc1-412b-879c-5326a68cf979/element/00000000-0000-0036-ffff-ffff0000001a/click &amp#27;[39m&amp#27;[32m200&amp#27;[39m &amp#27;[90m141 ms - 14&amp#27;[39m
&amp#27;[38;5;0m[HTTP]&amp#27;[0m &amp#27;[90m&amp#27;[39m
&amp#27;[38;5;0m[HTTP]&amp#27;[0m &amp#27;[37m-->&amp#27;[39m &amp#27;[37mPOST&amp#27;[39m &amp#27;[37m/session/0bfb100f-4fc1-412b-879c-5326a68cf979/element&amp#27;[39m
&amp#27;[38;5;0m[HTTP]&amp#27;[0m &amp#27;[90m{"using":"id","value":"in.amazon.mShop.android.shopping:id/rs_search_src_text"}&amp#27;[39m
&amp#27;[38;5;32m[AndroidUiautomator2Driver@2590 (0bfb100f)]&amp#27;[0m Calling AppiumDriver.findElement() with args: ["id","in.amazon.mShop.android.shopping:id/rs_search_src_text","0bfb100f-4fc1-412b-879c-5326a68cf979"]
&amp#27;[38;5;16m[AppiumDriver@6e1e]&amp#27;[0m Clearing new command timeout pre-emptively since plugin(s) will handle this command
&amp#27;[38;5;16m[AppiumDriver@6e1e]&amp#27;[0m Plugins which can handle cmd 'findElement': element-wait
&amp#27;[38;5;16m[AppiumDriver@6e1e]&amp#27;[0m Plugin element-wait is now handling cmd 'findElement'
- Waiting to find element with id strategy for in.amazon.mShop.android.shopping:id/rs_search_src_text selector
&amp#27;[38;5;96m[wait-plugin]&amp#27;[0m Element with id strategy for in.amazon.mShop.android.shopping:id/rs_search_src_text selector found.
&amp#27;[38;5;96m[wait-plugin]&amp#27;[0m Check if element is displayed
&amp#27;[38;5;32m[AndroidUiautomator2Driver@2590 (0bfb100f)]&amp#27;[0m Matched '/element/00000000-0000-0036-ffff-ffff00000096/attribute/displayed' to command name 'getAttribute'
&amp#27;[38;5;32m[AndroidUiautomator2Driver@2590 (0bfb100f)]&amp#27;[0m Proxying [GET /element/00000000-0000-0036-ffff-ffff00000096/attribute/displayed] to [GET http://127.0.0.1:8200/session/63d42711-7a19-4a0d-b27a-fdad1b58f14f/element/00000000-0000-0036-ffff-ffff00000096/attribute/displayed] with no body
&amp#27;[38;5;32m[AndroidUiautomator2Driver@2590 (0bfb100f)]&amp#27;[0m Got response with status 200: {"sessionId":"63d42711-7a19-4a0d-b27a-fdad1b58f14f","value":"true"}
&amp#27;[38;5;96m[wait-plugin]&amp#27;[0m Element is displayed!
âˆš Waiting to find element with id strategy for in.amazon.mShop.android.shopping:id/rs_search_src_text selector
&amp#27;[38;5;16m[AppiumDriver@6e1e]&amp#27;[0m Executing default handling behavior for command 'findElement'
&amp#27;[38;5;32m[AndroidUiautomator2Driver@2590 (0bfb100f)]&amp#27;[0m Valid locator strategies for this request: xpath, id, class name, accessibility id, css selector, -android uiautomator
&amp#27;[38;5;32m[AndroidUiautomator2Driver@2590 (0bfb100f)]&amp#27;[0m Waiting up to 10000 ms for condition
&amp#27;[38;5;32m[AndroidUiautomator2Driver@2590 (0bfb100f)]&amp#27;[0m Matched '/element' to command name 'findElement'
&amp#27;[38;5;32m[AndroidUiautomator2Driver@2590 (0bfb100f)]&amp#27;[0m Proxying [POST /element] to [POST http://127.0.0.1:8200/session/63d42711-7a19-4a0d-b27a-fdad1b58f14f/element] with body: {"strategy":"id","selector":"in.amazon.mShop.android.shopping:id/rs_search_src_text","context":"","multiple":false}
&amp#27;[38;5;32m[AndroidUiautomator2Driver@2590 (0bfb100f)]&amp#27;[0m Got response with status 200: {"sessionId":"63d42711-7a19-4a0d-b27a-fdad1b58f14f","value":{"ELEMENT":"00000000-0000-0036-ffff-ffff00000096","element-6066-11e4-a52e-4f735466cecf":"00000000-0000-0036-ffff-ffff00000096"}}
&amp#27;[38;5;32m[AndroidUiautomator2Driver@2590 (0bfb100f)]&amp#27;[0m Responding to client with driver.findElement() result: {"element-6066-11e4-a52e-4f735466cecf":"00000000-0000-0036-ffff-ffff00000096","ELEMENT":"00000000-0000-0036-ffff-ffff00000096"}
&amp#27;[38;5;0m[HTTP]&amp#27;[0m &amp#27;[37m<-- POST /session/0bfb100f-4fc1-412b-879c-5326a68cf979/element &amp#27;[39m&amp#27;[32m200&amp#27;[39m &amp#27;[90m3748 ms - 137&amp#27;[39m
&amp#27;[38;5;0m[HTTP]&amp#27;[0m &amp#27;[90m&amp#27;[39m
&amp#27;[38;5;0m[HTTP]&amp#27;[0m &amp#27;[37m-->&amp#27;[39m &amp#27;[37mPOST&amp#27;[39m &amp#27;[37m/session/0bfb100f-4fc1-412b-879c-5326a68cf979/element/00000000-0000-0036-ffff-ffff00000096/value&amp#27;[39m
&amp#27;[38;5;0m[HTTP]&amp#27;[0m &amp#27;[90m{"text":"Mobile","id":"00000000-0000-0036-ffff-ffff00000096","value":["M","o","b","i","l","e"]}&amp#27;[39m
&amp#27;[38;5;32m[AndroidUiautomator2Driver@2590 (0bfb100f)]&amp#27;[0m Calling AppiumDriver.setValue() with args: [["M","o","b","i","l","e"],"00000000-0000-0036-ffff-ffff00000096","0bfb100f-4fc1-412b-879c-5326a68cf979"]
&amp#27;[38;5;16m[AppiumDriver@6e1e]&amp#27;[0m Clearing new command timeout pre-emptively since plugin(s) will handle this command
&amp#27;[38;5;16m[AppiumDriver@6e1e]&amp#27;[0m Plugins which can handle cmd 'setValue': element-wait
&amp#27;[38;5;16m[AppiumDriver@6e1e]&amp#27;[0m Plugin element-wait is now handling cmd 'setValue'
&amp#27;[38;5;96m[wait-plugin]&amp#27;[0m Wait for element to be clickable
&amp#27;[38;5;32m[AndroidUiautomator2Driver@2590 (0bfb100f)]&amp#27;[0m Matched '/element/M,o,b,i,l,e/attribute/enabled' to command name 'getAttribute'
&amp#27;[38;5;32m[AndroidUiautomator2Driver@2590 (0bfb100f)]&amp#27;[0m Proxying [GET /element/M,o,b,i,l,e/attribute/enabled] to [GET http://127.0.0.1:8200/session/63d42711-7a19-4a0d-b27a-fdad1b58f14f/element/M,o,b,i,l,e/attribute/enabled] with no body
&amp#27;[38;5;32m[AndroidUiautomator2Driver@2590 (0bfb100f)]&amp#27;[0m Got response with status 404: {"sessionId":"63d42711-7a19-4a0d-b27a-fdad1b58f14f","value":{"error":"no such element","message":"The element identified by 'M,o,b,i,l,e' is not present in the cache or has expired. Try to find it again","stacktrace":"io.appium.uiautomator2.common.exceptions.ElementNotFoundException: The element identified by 'M,o,b,i,l,e' is not present in the cache or has expired. Try to find it again\n\tat io.appium.uiautomator2.model.ElementsCache.get(ElementsCache.java:160)\n\tat io.appium.uiautomator2.handler.GetElementAttribute.safeHandle(GetElementAttribute.java:23)\n\tat io.appium.uiautomator2.handler.request.SafeRequestHandler.handle(SafeRequestHandler.java:59)\n\tat io.appium.uiautomator2.server.AppiumServlet.handleRequest(AppiumServlet.java:259)\n\tat io.appium.uiautomator2.server.AppiumServlet.handleHttpRequest(AppiumServlet.java:253)\n\tat io.appium.uiautomator2.http.ServerHandler.channelRead(ServerHandler.java:77)\n\tat io.netty.channel.AbstractChannelHandlerContext.invokeChannelRead(AbstractChannelHandlerCo...
&amp#27;[38;5;112m[W3C]&amp#27;[0m Matched W3C error code 'no such element' to NoSuchElementError
NoSuchElementError: The element identified by 'M,o,b,i,l,e' is not present in the cache or has expired. Try to find it again
    at errorFromW3CJsonCode (C:\Users\mishr\AppData\Roaming\npm\node_modules\appium\node_modules\@appium\base-driver\lib\protocol\errors.js:1112:25)
    at ProxyRequestError.getActualError (C:\Users\mishr\AppData\Roaming\npm\node_modules\appium\node_modules\@appium\base-driver\lib\protocol\errors.js:981:14)
    at UIA2Proxy.command (C:\Users\mishr\AppData\Roaming\npm\node_modules\appium\node_modules\@appium\base-driver\lib\jsonwp-proxy\proxy.js:353:19)
    at processTicksAndRejections (node:internal/process/task_queues:95:5)
    at AndroidUiautomator2Driver.getAttribute (C:\Users\mishr\.appium\node_modules\appium-uiautomator2-driver\lib\commands\element.js:27:5)
    at AndroidUiautomator2Driver.elementEnabled (C:\Users\mishr\.appium\node_modules\appium-uiautomator2-driver\lib\commands\element.js:50:17) {
  jsonwpCode: 7,
  error: 'no such element',
  w3cStatus: 404,
  _stacktrace: "io.appium.uiautomator2.common.exceptions.ElementNotFoundException: The element identified by 'M,o,b,i,l,e' is not present in the cache or has expired. Try to find it again\n" +
    '\tat io.appium.uiautomator2.model.ElementsCache.get(ElementsCache.java:160)\n' +
    '\tat io.appium.uiautomator2.handler.GetElementAttribute.safeHandle(GetElementAttribute.java:23)\n' +
    '\tat io.appium.uiautomator2.handler.request.SafeRequestHandler.handle(SafeRequestHandler.java:59)\n' +
    '\tat io.appium.uiautomator2.server.AppiumServlet.handleRequest(AppiumServlet.java:259)\n' +
    '\tat io.appium.uiautomator2.server.AppiumServlet.handleHttpRequest(AppiumServlet.java:253)\n' +
    '\tat io.appium.uiautomator2.http.ServerHandler.channelRead(ServerHandler.java:77)\n' +
    '\tat io.netty.channel.AbstractChannelHandlerContext.invokeChannelRead(AbstractChannelHandlerContext.java:366)\n' +
    '\tat io.netty.channel.AbstractChannelHandlerContext.invokeChannelRead(AbstractChannelHandlerContext.java:352)\n' +
    '\tat io.netty.channel.AbstractChannelHandlerContext.fireChannelRead(AbstractChannelHandlerContext.java:345)\n' +
    '\tat io.netty.handler.codec.MessageToMessageDecoder.channelRead(MessageToMessageDecoder.java:102)\n' +
    '\tat io.netty.channel.AbstractChannelHandlerContext.invokeChannelRead(AbstractChannelHandlerContext.java:366)\n' +
    '\tat io.netty.channel.AbstractChannelHandlerContext.invokeChannelRead(AbstractChannelHandlerContext.java:352)\n' +
    '\tat io.netty.channel.AbstractChannelHandlerContext.fireChannelRead(AbstractChannelHandlerContext.java:345)\n' +
    '\tat io.netty.channel.CombinedChannelDuplexHandler$DelegatingChannelHandlerContext.fireChannelRead(CombinedChannelDuplexHandler.java:435)\n' +
    '\tat io.netty.handler.codec.ByteToMessageDecoder.fireChannelRead(ByteToMessageDecoder.java:293)\n' +
    '\tat io.netty.handler.codec.ByteToMessageDecoder.channelRead(ByteToMessageDecoder.java:267)\n' +
    '\tat io.netty.channel.CombinedChannelDuplexHandler.channelRead(CombinedChannelDuplexHandler.java:250)\n' +
    '\tat io.netty.channel.AbstractChannelHandlerContext.invokeChannelRead(AbstractChannelHandlerContext.java:366)\n' +
    '\tat io.netty.channel.AbstractChannelHandlerContext.invokeChannelRead(AbstractChannelHandlerContext.java:352)\n' +
    '\tat io.netty.channel.AbstractChannelHandlerContext.fireChannelRead(AbstractChannelHandlerContext.java:345)\n' +
    '\tat io.netty.handler.timeout.IdleStateHandler.channelRead(IdleStateHandler.java:266)\n' +
    '\tat io.netty.channel.AbstractChannelHandlerContext.invokeChannelRead(AbstractChannelHandlerContext.java:366)\n' +
    '\tat io.netty.channel.AbstractChannelHandlerContext.invokeChannelRead(AbstractChannelHandlerContext.java:352)\n' +
    '\tat io.netty.channel.AbstractChannelHandlerContext.fireChannelRead(AbstractChannelHandlerContext.java:345)\n' +
    '\tat io.netty.channel.DefaultChannelPipeline$HeadContext.channelRead(DefaultChannelPipeline.java:1294)\n' +
    '\tat io.netty.channel.AbstractChannelHandlerContext.invokeChannelRead(AbstractChannelHandlerContext.java:366)\n' +
    '\tat io.netty.channel.AbstractChannelHandlerContext.invokeChannelRead(AbstractChannelHandlerContext.java:352)\n' +
    '\tat io.netty.channel.DefaultChannelPipeline.fireChannelRead(DefaultChannelPipeline.java:911)\n' +
    '\tat io.netty.channel.nio.AbstractNioByteChannel$NioByteUnsafe.read(AbstractNioByteChannel.java:131)\n' +
    '\tat io.netty.channel.nio.NioEventLoop.processSelectedKey(NioEventLoop.java:611)\n' +
    '\tat io.netty.channel.nio.NioEventLoop.processSelectedKeysOptimized(NioEventLoop.java:552)\n' +
    '\tat io.netty.channel.nio.NioEventLoop.processSelectedKeys(NioEventLoop.java:466)\n' +
    '\tat io.netty.channel.nio.NioEventLoop.run(NioEventLoop.java:438)\n' +
    '\tat io.netty.util.concurrent.SingleThreadEventExecutor$2.run(SingleThreadEventExecutor.java:140)\n' +
    '\tat io.netty.util.concurrent.DefaultThreadFactory$DefaultRunnableDecorator.run(DefaultThreadFactory.java:144)\n' +
    '\tat java.lang.Thread.run(Thread.java:920)\n'
}
&amp#27;[38;5;96m[wait-plugin]&amp#27;[0m Element is enabled
&amp#27;[38;5;16m[AppiumDriver@6e1e]&amp#27;[0m Executing default handling behavior for command 'setValue'
&amp#27;[38;5;32m[AndroidUiautomator2Driver@2590 (0bfb100f)]&amp#27;[0m Matched '/element/00000000-0000-0036-ffff-ffff00000096/value' to command name 'setValue'
&amp#27;[38;5;32m[AndroidUiautomator2Driver@2590 (0bfb100f)]&amp#27;[0m Added 'value' property ["M","o","b","i","l","e"] to 'setValue' request body
&amp#27;[38;5;32m[AndroidUiautomator2Driver@2590 (0bfb100f)]&amp#27;[0m Proxying [POST /element/00000000-0000-0036-ffff-ffff00000096/value] to [POST http://127.0.0.1:8200/session/63d42711-7a19-4a0d-b27a-fdad1b58f14f/element/00000000-0000-0036-ffff-ffff00000096/value] with body: {"elementId":"00000000-0000-0036-ffff-ffff00000096","text":"Mobile","replace":false,"value":["M","o","b","i","l","e"]}
&amp#27;[38;5;32m[AndroidUiautomator2Driver@2590 (0bfb100f)]&amp#27;[0m Got response with status 200: {"sessionId":"63d42711-7a19-4a0d-b27a-fdad1b58f14f","value":null}
&amp#27;[38;5;32m[AndroidUiautomator2Driver@2590 (0bfb100f)]&amp#27;[0m Responding to client with driver.setValue() result: null
&amp#27;[38;5;0m[HTTP]&amp#27;[0m &amp#27;[37m<-- POST /session/0bfb100f-4fc1-412b-879c-5326a68cf979/element/00000000-0000-0036-ffff-ffff00000096/value &amp#27;[39m&amp#27;[32m200&amp#27;[39m &amp#27;[90m1014 ms - 14&amp#27;[39m
&amp#27;[38;5;0m[HTTP]&amp#27;[0m &amp#27;[90m&amp#27;[39m
&amp#27;[38;5;0m[HTTP]&amp#27;[0m &amp#27;[37m-->&amp#27;[39m &amp#27;[37mPOST&amp#27;[39m &amp#27;[37m/session/0bfb100f-4fc1-412b-879c-5326a68cf979/element&amp#27;[39m
&amp#27;[38;5;0m[HTTP]&amp#27;[0m &amp#27;[90m{"using":"xpath","value":"//android.widget.Button[@text=\"mobile\"]"}&amp#27;[39m
&amp#27;[38;5;32m[AndroidUiautomator2Driver@2590 (0bfb100f)]&amp#27;[0m Calling AppiumDriver.findElement() with args: ["xpath","//android.widget.Button[@text=\"mobile\"]","0bfb100f-4fc1-412b-879c-5326a68cf979"]
&amp#27;[38;5;16m[AppiumDriver@6e1e]&amp#27;[0m Clearing new command timeout pre-emptively since plugin(s) will handle this command
&amp#27;[38;5;16m[AppiumDriver@6e1e]&amp#27;[0m Plugins which can handle cmd 'findElement': element-wait
&amp#27;[38;5;16m[AppiumDriver@6e1e]&amp#27;[0m Plugin element-wait is now handling cmd 'findElement'
- Waiting to find element with xpath strategy for //android.widget.Button[@text="mobile"] selector
[AxiosError: Request failed with status code 404] {
  code: 'ERR_BAD_REQUEST',
  config: {
    transitional: {
      silentJSONParsing: true,
      forcedJSONParsing: true,
      clarifyTimeoutError: false
    },
    adapter: [Function: httpAdapter],
    transformRequest: [ [Function: transformRequest] ],
    transformResponse: [ [Function: transformResponse] ],
    timeout: 0,
    xsrfCookieName: 'XSRF-TOKEN',
    xsrfHeaderName: 'X-XSRF-TOKEN',
    maxContentLength: -1,
    maxBodyLength: -1,
    env: { FormData: [Function] },
    validateStatus: [Function: validateStatus],
    headers: {
      Accept: 'application/json, text/plain, */*',
      'Content-Type': 'application/json',
      'User-Agent': 'axios/0.27.2',
      'Content-Length': 105
    },
    method: 'post',
    url: 'http://127.0.0.1:8200/session/63d42711-7a19-4a0d-b27a-fdad1b58f14f/element',
    data: '{"strategy":"xpath","selector":"//android.widget.Button[@text=\\"mobile\\"]","context":"","multiple":false}'
  },
  request: <ref *1> ClientRequest {
    _events: [Object: null prototype] {
      abort: [Function (anonymous)],
      aborted: [Function (anonymous)],
      connect: [Function (anonymous)],
      error: [Function (anonymous)],
      socket: [Function (anonymous)],
      timeout: [Function (anonymous)],
      finish: [Function: requestOnFinish]
    },
    _eventsCount: 7,
    _maxListeners: undefined,
    outputData: [],
    outputSize: 0,
    writable: true,
    destroyed: true,
    _last: false,
    chunkedEncoding: false,
    shouldKeepAlive: true,
    maxRequestsOnConnectionReached: false,
    _defaultKeepAlive: true,
    useChunkedEncodingByDefault: true,
    sendDate: false,
    _removedConnection: false,
    _removedContLen: false,
    _removedTE: false,
    strictContentLength: false,
    _contentLength: 105,
    _hasBody: true,
    _trailer: '',
    finished: true,
    _headerSent: true,
    _closed: true,
    socket: Socket {
      connecting: false,
      _hadError: false,
      _parent: null,
      _host: null,
      _closeAfterHandlingError: false,
      _events: [Object],
      _readableState: [ReadableState],
      _writableState: [WritableState],
      allowHalfOpen: false,
      _maxListeners: undefined,
      _eventsCount: 6,
      _sockname: null,
      _pendingData: null,
      _pendingEncoding: '',
      server: null,
      _server: null,
      timeout: 5000,
      parser: null,
      _httpMessage: null,
      [Symbol(async_id_symbol)]: -1,
      [Symbol(kHandle)]: [TCP],
      [Symbol(lastWriteQueueSize)]: 0,
      [Symbol(timeout)]: Timeout {
        _idleTimeout: 5000,
        _idlePrev: [TimersList],
        _idleNext: [TimersList],
        _idleStart: 39663,
        _onTimeout: [Function: bound ],
        _timerArgs: undefined,
        _repeat: null,
        _destroyed: false,
        [Symbol(refed)]: false,
        [Symbol(kHasPrimitive)]: false,
        [Symbol(asyncId)]: 11419,
        [Symbol(triggerId)]: 11417
      },
      [Symbol(kBuffer)]: null,
      [Symbol(kBufferCb)]: null,
      [Symbol(kBufferGen)]: null,
      [Symbol(shapeMode)]: true,
      [Symbol(kCapture)]: false,
      [Symbol(kSetNoDelay)]: true,
      [Symbol(kSetKeepAlive)]: true,
      [Symbol(kSetKeepAliveInitialDelay)]: 1,
      [Symbol(kBytesRead)]: 0,
      [Symbol(kBytesWritten)]: 0
    },
    _header: 'POST /session/63d42711-7a19-4a0d-b27a-fdad1b58f14f/element HTTP/1.1\r\n' +
      'Accept: application/json, text/plain, */*\r\n' +
      'Content-Type: application/json\r\n' +
      'User-Agent: axios/0.27.2\r\n' +
      'Content-Length: 105\r\n' +
      'Host: 127.0.0.1:8200\r\n' +
      'Connection: keep-alive\r\n' +
      '\r\n',
    _keepAliveTimeout: 0,
    _onPendingData: [Function: nop],
    agent: Agent {
      _events: [Object: null prototype],
      _eventsCount: 2,
      _maxListeners: undefined,
      defaultPort: 80,
      protocol: 'http:',
      options: [Object: null prototype],
      requests: [Object: null prototype] {},
      sockets: [Object: null prototype] {},
      freeSockets: [Object: null prototype],
      keepAliveMsecs: 1000,
      keepAlive: true,
      maxSockets: Infinity,
      maxFreeSockets: 256,
      scheduling: 'lifo',
      maxTotalSockets: Infinity,
      totalSocketCount: 1,
      [Symbol(shapeMode)]: false,
      [Symbol(kCapture)]: false
    },
    socketPath: undefined,
    method: 'POST',
    maxHeaderSize: undefined,
    insecureHTTPParser: undefined,
    joinDuplicateHeaders: undefined,
    path: '/session/63d42711-7a19-4a0d-b27a-fdad1b58f14f/element',
    _ended: true,
    res: IncomingMessage {
      _events: [Object],
      _readableState: [ReadableState],
      _maxListeners: undefined,
      socket: null,
[...]
&amp#27;[38;5;96m[wait-plugin]&amp#27;[0m Wait for element to be clickable
&amp#27;[38;5;32m[AndroidUiautomator2Driver@2590 (0bfb100f)]&amp#27;[0m Matched '/element/00000000-0000-0036-0000-27c9000000c6/attribute/enabled' to command name 'getAttribute'
&amp#27;[38;5;32m[AndroidUiautomator2Driver@2590 (0bfb100f)]&amp#27;[0m Proxying [GET /element/00000000-0000-0036-0000-27c9000000c6/attribute/enabled] to [GET http://127.0.0.1:8200/session/63d42711-7a19-4a0d-b27a-fdad1b58f14f/element/00000000-0000-0036-0000-27c9000000c6/attribute/enabled] with no body
&amp#27;[38;5;32m[AndroidUiautomator2Driver@2590 (0bfb100f)]&amp#27;[0m Got response with status 200: {"sessionId":"63d42711-7a19-4a0d-b27a-fdad1b58f14f","value":"true"}
&amp#27;[38;5;96m[wait-plugin]&amp#27;[0m Element is enabled
&amp#27;[38;5;16m[AppiumDriver@6e1e]&amp#27;[0m Executing default handling behavior for command 'click'
&amp#27;[38;5;32m[AndroidUiautomator2Driver@2590 (0bfb100f)]&amp#27;[0m Matched '/element/00000000-0000-0036-0000-27c9000000c6/click' to command name 'click'
&amp#27;[38;5;32m[AndroidUiautomator2Driver@2590 (0bfb100f)]&amp#27;[0m Proxying [POST /element/00000000-0000-0036-0000-27c9000000c6/click] to [POST http://127.0.0.1:8200/session/63d42711-7a19-4a0d-b27a-fdad1b58f14f/element/00000000-0000-0036-0000-27c9000000c6/click] with body: {"element":"00000000-0000-0036-0000-27c9000000c6"}
&amp#27;[38;5;32m[AndroidUiautomator2Driver@2590 (0bfb100f)]&amp#27;[0m Got response with status 200: {"sessionId":"63d42711-7a19-4a0d-b27a-fdad1b58f14f","value":null}
&amp#27;[38;5;32m[AndroidUiautomator2Driver@2590 (0bfb100f)]&amp#27;[0m Responding to client with driver.click() result: null
&amp#27;[38;5;0m[HTTP]&amp#27;[0m &amp#27;[37m<-- POST /session/0bfb100f-4fc1-412b-879c-5326a68cf979/element/00000000-0000-0036-0000-27c9000000c6/click &amp#27;[39m&amp#27;[32m200&amp#27;[39m &amp#27;[90m175 ms - 14&amp#27;[39m
&amp#27;[38;5;0m[HTTP]&amp#27;[0m &amp#27;[90m&amp#27;[39m
&amp#27;[38;5;0m[HTTP]&amp#27;[0m &amp#27;[37m-->&amp#27;[39m &amp#27;[37mPOST&amp#27;[39m &amp#27;[37m/session/0bfb100f-4fc1-412b-879c-5326a68cf979/element&amp#27;[39m
&amp#27;[38;5;0m[HTTP]&amp#27;[0m &amp#27;[90m{"using":"xpath","value":"(//android.widget.ImageView[@resource-id=\"in.amazon.mShop.android.shopping:id/bottom_tab_button_icon\"])[1]"}&amp#27;[39m
&amp#27;[38;5;32m[AndroidUiautomator2Driver@2590 (0bfb100f)]&amp#27;[0m Calling AppiumDriver.findElement() with args: ["xpath","(//android.widget.ImageView[@resource-id=\"in.amazon.mShop.android.shopping:id/bottom_tab_button_icon\"])[1]","0bfb100f-4fc1-412b-879c-5326a68cf979"]
&amp#27;[38;5;16m[AppiumDriver@6e1e]&amp#27;[0m Clearing new command timeout pre-emptively since plugin(s) will handle this command
&amp#27;[38;5;16m[AppiumDriver@6e1e]&amp#27;[0m Plugins which can handle cmd 'findElement': element-wait
&amp#27;[38;5;16m[AppiumDriver@6e1e]&amp#27;[0m Plugin element-wait is now handling cmd 'findElement'
- Waiting to find element with xpath strategy for (//android.widget.ImageView[@resource-id="in.amazon.mShop.android.shopping:id/bottom_tab_button_icon"])[1] selector
&amp#27;[38;5;96m[wait-plugin]&amp#27;[0m Element with xpath strategy for (//android.widget.ImageView[@resource-id="in.amazon.mShop.android.shopping:id/bottom_tab_button_icon"])[1] selector found.
&amp#27;[38;5;96m[wait-plugin]&amp#27;[0m Check if element is displayed
&amp#27;[38;5;32m[AndroidUiautomator2Driver@2590 (0bfb100f)]&amp#27;[0m Matched '/element/00000000-0000-0036-ffff-ffff0000004a/attribute/displayed' to command name 'getAttribute'
&amp#27;[38;5;32m[AndroidUiautomator2Driver@2590 (0bfb100f)]&amp#27;[0m Proxying [GET /element/00000000-0000-0036-ffff-ffff0000004a/attribute/displayed] to [GET http://127.0.0.1:8200/session/63d42711-7a19-4a0d-b27a-fdad1b58f14f/element/00000000-0000-0036-ffff-ffff0000004a/attribute/displayed] with no body
&amp#27;[38;5;32m[AndroidUiautomator2Driver@2590 (0bfb100f)]&amp#27;[0m Got response with status 200: {"sessionId":"63d42711-7a19-4a0d-b27a-fdad1b58f14f","value":"true"}
&amp#27;[38;5;96m[wait-plugin]&amp#27;[0m Element is displayed!
âˆš Waiting to find element with xpath strategy for (//android.widget.ImageView[@resource-id="in.amazon.mShop.android.shopping:id/bottom_tab_button_icon"])[1] selector
&amp#27;[38;5;16m[AppiumDriver@6e1e]&amp#27;[0m Executing default handling behavior for command 'findElement'
&amp#27;[38;5;32m[AndroidUiautomator2Driver@2590 (0bfb100f)]&amp#27;[0m Valid locator strategies for this request: xpath, id, class name, accessibility id, css selector, -android uiautomator
&amp#27;[38;5;32m[AndroidUiautomator2Driver@2590 (0bfb100f)]&amp#27;[0m Waiting up to 10000 ms for condition
&amp#27;[38;5;32m[AndroidUiautomator2Driver@2590 (0bfb100f)]&amp#27;[0m Matched '/element' to command name 'findElement'
&amp#27;[38;5;32m[AndroidUiautomator2Driver@2590 (0bfb100f)]&amp#27;[0m Proxying [POST /element] to [POST http://127.0.0.1:8200/session/63d42711-7a19-4a0d-b27a-fdad1b58f14f/element] with body: {"strategy":"xpath","selector":"(//android.widget.ImageView[@resource-id=\"in.amazon.mShop.android.shopping:id/bottom_tab_button_icon\"])[1]","context":"","multiple":false}
&amp#27;[38;5;32m[AndroidUiautomator2Driver@2590 (0bfb100f)]&amp#27;[0m Got response with status 200: {"sessionId":"63d42711-7a19-4a0d-b27a-fdad1b58f14f","value":{"ELEMENT":"00000000-0000-0036-ffff-ffff0000004a","element-6066-11e4-a52e-4f735466cecf":"00000000-0000-0036-ffff-ffff0000004a"}}
&amp#27;[38;5;32m[AndroidUiautomator2Driver@2590 (0bfb100f)]&amp#27;[0m Responding to client with driver.findElement() result: {"element-6066-11e4-a52e-4f735466cecf":"00000000-0000-0036-ffff-ffff0000004a","ELEMENT":"00000000-0000-0036-ffff-ffff0000004a"}
&amp#27;[38;5;0m[HTTP]&amp#27;[0m &amp#27;[37m<-- POST /session/0bfb100f-4fc1-412b-879c-5326a68cf979/element &amp#27;[39m&amp#27;[32m200&amp#27;[39m &amp#27;[90m1233 ms - 137&amp#27;[39m
&amp#27;[38;5;0m[HTTP]&amp#27;[0m &amp#27;[90m&amp#27;[39m
&amp#27;[38;5;0m[HTTP]&amp#27;[0m &amp#27;[37m-->&amp#27;[39m &amp#27;[37mPOST&amp#27;[39m &amp#27;[37m/session/0bfb100f-4fc1-412b-879c-5326a68cf979/element/00000000-0000-0036-ffff-ffff0000004a/click&amp#27;[39m
&amp#27;[38;5;0m[HTTP]&amp#27;[0m &amp#27;[90m{"id":"00000000-0000-0036-ffff-ffff0000004a"}&amp#27;[39m
&amp#27;[38;5;32m[AndroidUiautomator2Driver@2590 (0bfb100f)]&amp#27;[0m Calling AppiumDriver.click() with args: ["00000000-0000-0036-ffff-ffff0000004a","0bfb100f-4fc1-412b-879c-5326a68cf979"]
&amp#27;[38;5;16m[AppiumDriver@6e1e]&amp#27;[0m Clearing new command timeout pre-emptively since plugin(s) will handle this command
&amp#27;[38;5;16m[AppiumDriver@6e1e]&amp#27;[0m Plugins which can handle cmd 'click': element-wait
&amp#27;[38;5;16m[AppiumDriver@6e1e]&amp#27;[0m Plugin element-wait is now handling cmd 'click'
&amp#27;[38;5;96m[wait-plugin]&amp#27;[0m Wait for element to be clickable
&amp#27;[38;5;32m[AndroidUiautomator2Driver@2590 (0bfb100f)]&amp#27;[0m Matched '/element/00000000-0000-0036-ffff-ffff0000004a/attribute/enabled' to command name 'getAttribute'
&amp#27;[38;5;32m[AndroidUiautomator2Driver@2590 (0bfb100f)]&amp#27;[0m Proxying [GET /element/00000000-0000-0036-ffff-ffff0000004a/attribute/enabled] to [GET http://127.0.0.1:8200/session/63d42711-7a19-4a0d-b27a-fdad1b58f14f/element/00000000-0000-0036-ffff-ffff0000004a/attribute/enabled] with no body
&amp#27;[38;5;32m[AndroidUiautomator2Driver@2590 (0bfb100f)]&amp#27;[0m Got response with status 200: {"sessionId":"63d42711-7a19-4a0d-b27a-fdad1b58f14f","value":"true"}
&amp#27;[38;5;96m[wait-plugin]&amp#27;[0m Element is enabled
&amp#27;[38;5;16m[AppiumDriver@6e1e]&amp#27;[0m Executing default handling behavior for command 'click'
&amp#27;[38;5;32m[AndroidUiautomator2Driver@2590 (0bfb100f)]&amp#27;[0m Matched '/element/00000000-0000-0036-ffff-ffff0000004a/click' to command name 'click'
&amp#27;[38;5;32m[AndroidUiautomator2Driver@2590 (0bfb100f)]&amp#27;[0m Proxying [POST /element/00000000-0000-0036-ffff-ffff0000004a/click] to [POST http://127.0.0.1:8200/session/63d42711-7a19-4a0d-b27a-fdad1b58f14f/element/00000000-0000-0036-ffff-ffff0000004a/click] with body: {"element":"00000000-0000-0036-ffff-ffff0000004a"}
&amp#27;[38;5;32m[AndroidUiautomator2Driver@2590 (0bfb100f)]&amp#27;[0m Got response with status 200: {"sessionId":"63d42711-7a19-4a0d-b27a-fdad1b58f14f","value":null}
&amp#27;[38;5;32m[AndroidUiautomator2Driver@2590 (0bfb100f)]&amp#27;[0m Responding to client with driver.click() result: null
&amp#27;[38;5;0m[HTTP]&amp#27;[0m &amp#27;[37m<-- POST /session/0bfb100f-4fc1-412b-879c-5326a68cf979/element/00000000-0000-0036-ffff-ffff0000004a/click &amp#27;[39m&amp#27;[32m200&amp#27;[39m &amp#27;[90m778 ms - 14&amp#27;[39m
&amp#27;[38;5;0m[HTTP]&amp#27;[0m &amp#27;[90m&amp#27;[39m
  Then I delete product from cart      # stepdefinitions.AmazonSearchStep.i_delete_product_from_cart()
]]></system-out>
    <system-err><![CDATA[SLF4J(W): No SLF4J providers were found.
SLF4J(W): Defaulting to no-operation (NOP) logger implementation
SLF4J(W): See https://www.slf4j.org/codes.html#noProviders for further details.
]]></system-err>
  </testcase>
  <testcase name="sampleTest" classname="tests.runSampleTests" time="0.049">
    <failure message="Could not start a new session. Possible causes are invalid address of the remote server or browser start-up failure. &#10;Host info: host: &apos;SURAJ_MISHRA&apos;, ip: &apos;192.168.29.95&apos;" type="org.openqa.selenium.SessionNotCreatedException"><![CDATA[org.openqa.selenium.SessionNotCreatedException: 
Could not start a new session. Possible causes are invalid address of the remote server or browser start-up failure. 
Host info: host: 'SURAJ_MISHRA', ip: '192.168.29.95'
	at org.openqa.selenium.remote.RemoteWebDriver.execute(RemoteWebDriver.java:536)
	at io.appium.java_client.AppiumDriver.startSession(AppiumDriver.java:268)
	at org.openqa.selenium.remote.RemoteWebDriver.<init>(RemoteWebDriver.java:161)
	at io.appium.java_client.AppiumDriver.<init>(AppiumDriver.java:90)
	at io.appium.java_client.AppiumDriver.<init>(AppiumDriver.java:102)
	at io.appium.java_client.android.AndroidDriver.<init>(AndroidDriver.java:109)
	at baseclass.Driver.initDriver(Driver.java:26)
	at tests.runSampleTests.sampleTest(runSampleTests.java:13)
	at java.base/jdk.internal.reflect.NativeMethodAccessorImpl.invoke0(Native Method)
	at java.base/jdk.internal.reflect.NativeMethodAccessorImpl.invoke(NativeMethodAccessorImpl.java:77)
	at java.base/jdk.internal.reflect.DelegatingMethodAccessorImpl.invoke(DelegatingMethodAccessorImpl.java:43)
	at java.base/java.lang.reflect.Method.invoke(Method.java:568)
	at org.testng.internal.invokers.MethodInvocationHelper.invokeMethod(MethodInvocationHelper.java:141)
	at org.testng.internal.invokers.TestInvoker.invokeMethod(TestInvoker.java:686)
	at org.testng.internal.invokers.TestInvoker.invokeTestMethod(TestInvoker.java:230)
	at org.testng.internal.invokers.MethodRunner.runInSequence(MethodRunner.java:63)
	at org.testng.internal.invokers.TestInvoker$MethodInvocationAgent.invoke(TestInvoker.java:992)
	at org.testng.internal.invokers.TestInvoker.invokeTestMethods(TestInvoker.java:203)
	at org.testng.internal.invokers.TestMethodWorker.invokeTestMethods(TestMethodWorker.java:154)
	at org.testng.internal.invokers.TestMethodWorker.run(TestMethodWorker.java:134)
	at java.base/java.util.ArrayList.forEach(ArrayList.java:1511)
	at org.testng.TestRunner.privateRun(TestRunner.java:739)
	at org.testng.TestRunner.run(TestRunner.java:614)
	at org.testng.SuiteRunner.runTest(SuiteRunner.java:421)
	at org.testng.SuiteRunner.runSequentially(SuiteRunner.java:413)
	at org.testng.SuiteRunner.privateRun(SuiteRunner.java:373)
	at org.testng.SuiteRunner.run(SuiteRunner.java:312)
	at org.testng.SuiteRunnerWorker.runSuite(SuiteRunnerWorker.java:52)
	at org.testng.SuiteRunnerWorker.run(SuiteRunnerWorker.java:95)
	at org.testng.TestNG.runSuitesSequentially(TestNG.java:1274)
	at org.testng.TestNG.runSuitesLocally(TestNG.java:1208)
	at org.testng.TestNG.runSuites(TestNG.java:1112)
	at org.testng.TestNG.run(TestNG.java:1079)
	at org.apache.maven.surefire.testng.TestNGExecutor.run(TestNGExecutor.java:155)
	at org.apache.maven.surefire.testng.TestNGDirectoryTestSuite.executeMulti(TestNGDirectoryTestSuite.java:169)
	at org.apache.maven.surefire.testng.TestNGDirectoryTestSuite.execute(TestNGDirectoryTestSuite.java:88)
	at org.apache.maven.surefire.testng.TestNGProvider.invoke(TestNGProvider.java:137)
	at org.apache.maven.surefire.booter.ForkedBooter.runSuitesInProcess(ForkedBooter.java:385)
	at org.apache.maven.surefire.booter.ForkedBooter.execute(ForkedBooter.java:162)
	at org.apache.maven.surefire.booter.ForkedBooter.run(ForkedBooter.java:507)
	at org.apache.maven.surefire.booter.ForkedBooter.main(ForkedBooter.java:495)
Caused by: org.openqa.selenium.WebDriverException: java.lang.reflect.InvocationTargetException
Build info: version: '4.20.0', revision: '866c76ca80'
System info: os.name: 'Windows 11', os.arch: 'amd64', os.version: '10.0', java.version: '17.0.10'
Driver info: driver.version: Driver
	at io.appium.java_client.remote.AppiumProtocolHandshake.createSession(AppiumProtocolHandshake.java:120)
	at io.appium.java_client.remote.AppiumProtocolHandshake.createSession(AppiumProtocolHandshake.java:96)
	at io.appium.java_client.remote.AppiumCommandExecutor.createSession(AppiumCommandExecutor.java:176)
	at io.appium.java_client.remote.AppiumCommandExecutor.execute(AppiumCommandExecutor.java:237)
	at org.openqa.selenium.remote.RemoteWebDriver.execute(RemoteWebDriver.java:518)
	... 40 more
Caused by: java.lang.reflect.InvocationTargetException
	at java.base/jdk.internal.reflect.NativeMethodAccessorImpl.invoke0(Native Method)
	at java.base/jdk.internal.reflect.NativeMethodAccessorImpl.invoke(NativeMethodAccessorImpl.java:77)
	at java.base/jdk.internal.reflect.DelegatingMethodAccessorImpl.invoke(DelegatingMethodAccessorImpl.java:43)
	at java.base/java.lang.reflect.Method.invoke(Method.java:568)
	at io.appium.java_client.remote.AppiumProtocolHandshake.createSession(AppiumProtocolHandshake.java:116)
	... 44 more
Caused by: java.io.UncheckedIOException: java.net.ConnectException
	at org.openqa.selenium.remote.http.jdk.JdkHttpClient.execute0(JdkHttpClient.java:436)
	at io.appium.java_client.internal.filters.AppiumIdempotencyFilter.lambda$apply$0(AppiumIdempotencyFilter.java:35)
	at io.appium.java_client.internal.filters.AppiumUserAgentFilter.lambda$apply$0(AppiumUserAgentFilter.java:85)
	at org.openqa.selenium.remote.http.Filter.lambda$andFinally$1(Filter.java:55)
	at org.openqa.selenium.remote.http.jdk.JdkHttpClient.execute(JdkHttpClient.java:352)
	at org.openqa.selenium.remote.ProtocolHandshake.createSession(ProtocolHandshake.java:89)
	... 49 more
Caused by: java.net.ConnectException
	at java.net.http/jdk.internal.net.http.common.Utils.toConnectException(Utils.java:1055)
	at java.net.http/jdk.internal.net.http.PlainHttpConnection.connectAsync(PlainHttpConnection.java:198)
	at java.net.http/jdk.internal.net.http.PlainHttpConnection.checkRetryConnect(PlainHttpConnection.java:230)
	at java.net.http/jdk.internal.net.http.PlainHttpConnection.lambda$connectAsync$1(PlainHttpConnection.java:206)
	at java.base/java.util.concurrent.CompletableFuture.uniHandle(CompletableFuture.java:934)
	at java.base/java.util.concurrent.CompletableFuture$UniHandle.tryFire(CompletableFuture.java:911)
	at java.base/java.util.concurrent.CompletableFuture.postComplete(CompletableFuture.java:510)
	at java.base/java.util.concurrent.CompletableFuture$AsyncSupply.run(CompletableFuture.java:1773)
	at java.base/java.util.concurrent.ThreadPoolExecutor.runWorker(ThreadPoolExecutor.java:1136)
	at java.base/java.util.concurrent.ThreadPoolExecutor$Worker.run(ThreadPoolExecutor.java:635)
	at java.base/java.lang.Thread.run(Thread.java:842)
Caused by: java.nio.channels.ClosedChannelException
	at java.base/sun.nio.ch.SocketChannelImpl.ensureOpen(SocketChannelImpl.java:195)
	at java.base/sun.nio.ch.SocketChannelImpl.beginConnect(SocketChannelImpl.java:760)
	at java.base/sun.nio.ch.SocketChannelImpl.connect(SocketChannelImpl.java:848)
	at java.net.http/jdk.internal.net.http.PlainHttpConnection.lambda$connectAsync$0(PlainHttpConnection.java:183)
	at java.base/java.security.AccessController.doPrivileged(AccessController.java:569)
	at java.net.http/jdk.internal.net.http.PlainHttpConnection.connectAsync(PlainHttpConnection.java:185)
	... 9 more
]]></failure>
    <system-out><![CDATA[&amp#27;[38;5;0m[HTTP]&amp#27;[0m &amp#27;[37m-->&amp#27;[39m &amp#27;[37mDELETE&amp#27;[39m &amp#27;[37m/session/0bfb100f-4fc1-412b-879c-5326a68cf979&amp#27;[39m
&amp#27;[38;5;0m[HTTP]&amp#27;[0m &amp#27;[90m{}&amp#27;[39m
&amp#27;[38;5;32m[AndroidUiautomator2Driver@2590 (0bfb100f)]&amp#27;[0m Calling AppiumDriver.deleteSession() with args: ["0bfb100f-4fc1-412b-879c-5326a68cf979"]
&amp#27;[38;5;16m[AppiumDriver@6e1e]&amp#27;[0m Clearing new command timeout pre-emptively since plugin(s) will handle this command
&amp#27;[38;5;16m[AppiumDriver@6e1e]&amp#27;[0m Plugins which can handle cmd 'deleteSession': element-wait
&amp#27;[38;5;16m[AppiumDriver@6e1e]&amp#27;[0m Plugin element-wait is now handling cmd 'deleteSession'
&amp#27;[38;5;16m[AppiumDriver@6e1e]&amp#27;[0m Executing default handling behavior for command 'deleteSession'
&amp#27;[38;5;16m[AppiumDriver@6e1e]&amp#27;[0m Event 'quitSessionRequested' logged at 1715327784387 (13:26:24 GMT+0530 (India Standard Time))
&amp#27;[38;5;16m[AppiumDriver@6e1e]&amp#27;[0m Removing session 0bfb100f-4fc1-412b-879c-5326a68cf979 from our master session list
&amp#27;[38;5;32m[AndroidUiautomator2Driver@2590 (0bfb100f)]&amp#27;[0m Deleting UiAutomator2 session
&amp#27;[38;5;32m[AndroidUiautomator2Driver@2590 (0bfb100f)]&amp#27;[0m Deleting UiAutomator2 server session
&amp#27;[38;5;32m[AndroidUiautomator2Driver@2590 (0bfb100f)]&amp#27;[0m Matched '/' to command name 'deleteSession'
&amp#27;[38;5;32m[AndroidUiautomator2Driver@2590 (0bfb100f)]&amp#27;[0m Proxying [DELETE /] to [DELETE http://127.0.0.1:8200/session/63d42711-7a19-4a0d-b27a-fdad1b58f14f] with no body
&amp#27;[38;5;32m[AndroidUiautomator2Driver@2590 (0bfb100f)]&amp#27;[0m Got response with status 200: {"sessionId":"63d42711-7a19-4a0d-b27a-fdad1b58f14f","value":null}
&amp#27;[38;5;48m[ADB]&amp#27;[0m Running 'C:\Users\mishr\AppData\Local\Android\Sdk\platform-tools\adb.exe -P 5037 -s emulator-5554 shell dumpsys activity services io.appium.settings/.recorder.RecorderService'
&amp#27;[38;5;64m[Logcat]&amp#27;[0m Stopping logcat capture
&amp#27;[38;5;48m[ADB]&amp#27;[0m Removing forwarded port socket connection: 8200 
&amp#27;[38;5;48m[ADB]&amp#27;[0m Running 'C:\Users\mishr\AppData\Local\Android\Sdk\platform-tools\adb.exe -P 5037 -s emulator-5554 forward --remove tcp:8200'
&amp#27;[38;5;32m[AndroidUiautomator2Driver@2590 (0bfb100f)]&amp#27;[0m Restoring hidden api policy to the device default configuration
&amp#27;[38;5;48m[ADB]&amp#27;[0m Running 'C:\Users\mishr\AppData\Local\Android\Sdk\platform-tools\adb.exe -P 5037 -s emulator-5554 shell 'settings delete global hidden_api_policy_pre_p_apps;settings delete global hidden_api_policy_p_apps;settings delete global hidden_api_policy''
&amp#27;[38;5;16m[AppiumDriver@6e1e]&amp#27;[0m Event 'quitSessionFinished' logged at 1715327784759 (13:26:24 GMT+0530 (India Standard Time))
&amp#27;[38;5;16m[AppiumDriver@6e1e]&amp#27;[0m Received response: null
&amp#27;[38;5;16m[AppiumDriver@6e1e]&amp#27;[0m But deleting session, so not returning
&amp#27;[38;5;16m[AppiumDriver@6e1e]&amp#27;[0m Responding to client with driver.deleteSession() result: null
&amp#27;[38;5;0m[HTTP]&amp#27;[0m &amp#27;[37m<-- DELETE /session/0bfb100f-4fc1-412b-879c-5326a68cf979 &amp#27;[39m&amp#27;[32m200&amp#27;[39m &amp#27;[90m375 ms - 14&amp#27;[39m
&amp#27;[38;5;0m[HTTP]&amp#27;[0m &amp#27;[90m&amp#27;[39m
Stopping Appium Service
Appium Service Stopped...
]]></system-out>
  </testcase>
</testsuite>